Log file open, 01/16/21 04:08:26
LogInit: Display: Running engine for game: Labirynt_KrzysztofCh
LogPlatformFile: Not using cached read wrapper
LogTaskGraph: Started task graph with 5 named threads and 47 total threads with 3 sets of task threads.
LogStats: Stats thread started at 0.857390
LogD3D11RHI: Loaded GFSDK_Aftermath_Lib.x64.dll
LogICUInternationalization: ICU TimeZone Detection - Raw Offset: +1:00, Platform Override: ''
LogPluginManager: Mounting plugin Paper2D
LogPluginManager: Mounting plugin AISupport
LogPluginManager: Mounting plugin LightPropagationVolume
LogPluginManager: Mounting plugin CameraShakePreviewer
LogPluginManager: Mounting plugin ActorLayerUtilities
LogPluginManager: Mounting plugin AnimationSharing
LogPluginManager: Mounting plugin CLionSourceCodeAccess
LogPluginManager: Mounting plugin CodeLiteSourceCodeAccess
LogPluginManager: Mounting plugin GitSourceControl
LogPluginManager: Mounting plugin KDevelopSourceCodeAccess
LogPluginManager: Mounting plugin NullSourceCodeAccess
LogPluginManager: Mounting plugin PerforceSourceControl
LogPluginManager: Mounting plugin PlasticSourceControl
LogPluginManager: Mounting plugin RiderSourceCodeAccess
LogPluginManager: Mounting plugin SubversionSourceControl
LogPluginManager: Mounting plugin UObjectPlugin
LogPluginManager: Mounting plugin VisualStudioCodeSourceCodeAccess
LogPluginManager: Mounting plugin VisualStudioSourceCodeAccess
LogPluginManager: Mounting plugin XCodeSourceCodeAccess
LogPluginManager: Mounting plugin AssetManagerEditor
LogPluginManager: Mounting plugin CryptoKeys
LogPluginManager: Mounting plugin CurveEditorTools
LogPluginManager: Mounting plugin DataValidation
LogPluginManager: Mounting plugin EditorScriptingUtilities
LogPluginManager: Mounting plugin FacialAnimation
LogPluginManager: Mounting plugin GameplayTagsEditor
LogPluginManager: Mounting plugin GeometryMode
LogPluginManager: Mounting plugin MacGraphicsSwitching
LogPluginManager: Mounting plugin MaterialAnalyzer
LogPluginManager: Mounting plugin MobileLauncherProfileWizard
LogPluginManager: Mounting plugin PluginBrowser
LogPluginManager: Mounting plugin SpeedTreeImporter
LogPluginManager: Mounting plugin DatasmithContent
LogPluginManager: Mounting plugin VariantManagerContent
LogPluginManager: Mounting plugin AlembicImporter
LogPluginManager: Mounting plugin AutomationUtils
LogPluginManager: Mounting plugin BackChannel
LogPluginManager: Mounting plugin ChaosCloth
LogPluginManager: Mounting plugin ChaosClothEditor
LogPluginManager: Mounting plugin ChaosEditor
LogPluginManager: Mounting plugin ChaosNiagara
LogPluginManager: Mounting plugin ChaosSolverPlugin
LogPluginManager: Mounting plugin CharacterAI
LogPluginManager: Mounting plugin GeometryCache
LogPluginManager: Mounting plugin GeometryCollectionPlugin
LogPluginManager: Mounting plugin GeometryProcessing
LogPluginManager: Mounting plugin PlanarCut
LogPluginManager: Mounting plugin PlatformCrypto
LogPluginManager: Mounting plugin ProxyLODPlugin
LogPluginManager: Mounting plugin SkeletalReduction
LogPluginManager: Mounting plugin Niagara
LogPluginManager: Mounting plugin MagicLeap
LogPluginManager: Mounting plugin MagicLeapLightEstimation
LogPluginManager: Mounting plugin MagicLeapMedia
LogPluginManager: Mounting plugin MagicLeapPassableWorld
LogPluginManager: Mounting plugin MLSDK
LogPluginManager: Mounting plugin AndroidMedia
LogPluginManager: Mounting plugin AvfMedia
LogPluginManager: Mounting plugin ImgMedia
LogPluginManager: Mounting plugin MediaCompositing
LogPluginManager: Mounting plugin MediaPlayerEditor
LogPluginManager: Mounting plugin WebMMedia
LogPluginManager: Mounting plugin WmfMedia
LogPluginManager: Mounting plugin MeshPainting
LogPluginManager: Mounting plugin TcpMessaging
LogPluginManager: Mounting plugin UdpMessaging
LogPluginManager: Mounting plugin ActorSequence
LogPluginManager: Mounting plugin LevelSequenceEditor
LogPluginManager: Mounting plugin MatineeToLevelSequence
LogPluginManager: Mounting plugin MovieRenderPipeline
LogPluginManager: Mounting plugin TemplateSequence
LogPluginManager: Mounting plugin NetcodeUnitTest
LogPluginManager: Mounting plugin NUTUnrealEngine4
LogPluginManager: Mounting plugin OnlineSubsystemGooglePlay
LogPluginManager: Mounting plugin OnlineSubsystemIOS
LogPluginManager: Mounting plugin OnlineSubsystem
LogPluginManager: Mounting plugin OnlineSubsystemNull
LogPluginManager: Mounting plugin OnlineSubsystemUtils
LogPluginManager: Mounting plugin LauncherChunkInstaller
LogPluginManager: Mounting plugin AndroidDeviceProfileSelector
LogPluginManager: Mounting plugin AndroidMoviePlayer
LogPluginManager: Mounting plugin AndroidPermission
LogPluginManager: Mounting plugin AppleImageUtils
LogPluginManager: Mounting plugin AppleMoviePlayer
LogPluginManager: Mounting plugin ArchVisCharacter
LogPluginManager: Mounting plugin AssetTags
LogPluginManager: Mounting plugin AudioCapture
LogPluginManager: Mounting plugin CableComponent
LogPluginManager: Mounting plugin CustomMeshComponent
LogPluginManager: Mounting plugin EditableMesh
LogPluginManager: Mounting plugin ExampleDeviceProfileSelector
LogPluginManager: Mounting plugin GoogleCloudMessaging
LogPluginManager: Mounting plugin GooglePAD
LogPluginManager: Mounting plugin IOSDeviceProfileSelector
LogPluginManager: Mounting plugin LinuxDeviceProfileSelector
LogPluginManager: Mounting plugin LocationServicesBPLibrary
LogPluginManager: Mounting plugin MobilePatchingUtils
LogPluginManager: Mounting plugin OculusVR
LogPluginManager: Mounting plugin PhysXVehicles
LogPluginManager: Mounting plugin PostSplashScreen
LogPluginManager: Mounting plugin ProceduralMeshComponent
LogPluginManager: Mounting plugin RuntimePhysXCooking
LogPluginManager: Mounting plugin SignificanceManager
LogPluginManager: Mounting plugin SoundFields
LogPluginManager: Mounting plugin SteamVR
LogPluginManager: Mounting plugin Synthesis
LogPluginManager: Mounting plugin WebMMoviePlayer
LogPluginManager: Mounting plugin WindowsMoviePlayer
LogPluginManager: Mounting plugin ScreenshotTools
LogInit: Using libcurl 7.55.1-DEV
LogInit:  - built for x86_64-pc-win32
LogInit:  - supports SSL with OpenSSL/1.1.1
LogInit:  - supports HTTP deflate (compression) using libz 1.2.8
LogInit:  - other features:
LogInit:      CURL_VERSION_SSL
LogInit:      CURL_VERSION_LIBZ
LogInit:      CURL_VERSION_IPV6
LogInit:      CURL_VERSION_ASYNCHDNS
LogInit:      CURL_VERSION_LARGEFILE
LogInit:      CURL_VERSION_IDN
LogInit:  CurlRequestOptions (configurable via config and command line):
LogInit:  - bVerifyPeer = true  - Libcurl will verify peer certificate
LogInit:  - bUseHttpProxy = false  - Libcurl will NOT use HTTP proxy
LogInit:  - bDontReuseConnections = false  - Libcurl will reuse connections
LogInit:  - MaxHostConnections = 16  - Libcurl will limit the number of connections to a host
LogInit:  - LocalHostAddr = Default
LogInit:  - BufferSize = 65536
LogOnline: OSS: Creating online subsystem instance for: NULL
LogInit: WinSock: version 1.1 (2.2), MaxSocks=32767, MaxUdp=65467
LogOnline: OSS: TryLoadSubsystemAndSetDefault: Loaded subsystem for module [NULL]
LogInit: Build: ++UE4+Release-4.25-CL-13942748
LogInit: Engine Version: 4.25.3-13942748+++UE4+Release-4.25
LogInit: Compatible Engine Version: 4.25.0-13144385+++UE4+Release-4.25
LogInit: Net CL: 13144385
LogInit: OS: Windows 10 (Release 2004) (), CPU: AMD Ryzen 7 2700X Eight-Core Processor         , GPU: NVIDIA GeForce GTX 1080 Ti
LogInit: Compiled (64-bit): Jul 25 2020 02:07:48
LogInit: Compiled with Visual C++: 19.24.28315.00
LogInit: Build Configuration: Development
LogInit: Branch Name: ++UE4+Release-4.25
LogInit: Command Line: 
LogInit: Base Directory: E:/Unreal Egine 4/UE_4.25/Engine/Binaries/Win64/
LogInit: Allocator: TBB
LogInit: Installed Engine Build: 1
LogDevObjectVersion: Number of dev versions registered: 26
LogDevObjectVersion:   Dev-Blueprints (B0D832E4-1F89-4F0D-ACCF-7EB736FD4AA2): 10
LogDevObjectVersion:   Dev-Build (E1C64328-A22C-4D53-A36C-8E866417BD8C): 0
LogDevObjectVersion:   Dev-Core (375EC13C-06E4-48FB-B500-84F0262A717E): 4
LogDevObjectVersion:   Dev-Editor (E4B068ED-F494-42E9-A231-DA0B2E46BB41): 38
LogDevObjectVersion:   Dev-Framework (CFFC743F-43B0-4480-9391-14DF171D2073): 37
LogDevObjectVersion:   Dev-Mobile (B02B49B5-BB20-44E9-A304-32B752E40360): 2
LogDevObjectVersion:   Dev-Networking (A4E4105C-59A1-49B5-A7C5-40C4547EDFEE): 0
LogDevObjectVersion:   Dev-Online (39C831C9-5AE6-47DC-9A44-9C173E1C8E7C): 0
LogDevObjectVersion:   Dev-Physics (78F01B33-EBEA-4F98-B9B4-84EACCB95AA2): 4
LogDevObjectVersion:   Dev-Platform (6631380F-2D4D-43E0-8009-CF276956A95A): 0
LogDevObjectVersion:   Dev-Rendering (12F88B9F-8875-4AFC-A67C-D90C383ABD29): 43
LogDevObjectVersion:   Dev-Sequencer (7B5AE74C-D270-4C10-A958-57980B212A5A): 12
LogDevObjectVersion:   Dev-VR (D7296918-1DD6-4BDD-9DE2-64A83CC13884): 3
LogDevObjectVersion:   Dev-LoadTimes (C2A15278-BFE7-4AFE-6C17-90FF531DF755): 1
LogDevObjectVersion:   Private-Geometry (6EACA3D4-40EC-4CC1-B786-8BED09428FC5): 3
LogDevObjectVersion:   Dev-AnimPhys (29E575DD-E0A3-4627-9D10-D276232CDCEA): 17
LogDevObjectVersion:   Dev-Anim (AF43A65D-7FD3-4947-9873-3E8ED9C1BB05): 7
LogDevObjectVersion:   Dev-ReflectionCapture (6B266CEC-1EC7-4B8F-A30B-E4D90942FC07): 1
LogDevObjectVersion:   Dev-Automation (0DF73D61-A23F-47EA-B727-89E90C41499A): 1
LogDevObjectVersion:   FortniteMain (601D1886-AC64-4F84-AA16-D3DE0DEAC7D6): 31
LogDevObjectVersion:   Dev-Enterprise (9DFFBCD6-494F-0158-E221-12823C92A888): 10
LogDevObjectVersion:   Dev-Niagara (F2AED0AC-9AFE-416F-8664-AA7FFA26D6FC): 1
LogDevObjectVersion:   Dev-Destruction (174F1F0B-B4C6-45A5-B13F-2EE8D0FB917D): 10
LogDevObjectVersion:   Dev-Physics-Ext (35F94A83-E258-406C-A318-09F59610247C): 37
LogDevObjectVersion:   Dev-PhysicsMaterial-Chaos (B68FC16E-8B1B-42E2-B453-215C058844FE): 1
LogDevObjectVersion:   Dev-CineCamera (B2E18506-4273-CFC2-A54E-F4BB758BBA07): 1
LogInit: Presizing for max 25165824 objects, including 0 objects not considered by GC, pre-allocating 0 bytes for permanent pool.
LogConfig: Applying CVar settings from Section [/Script/Engine.StreamingSettings] File [E:/Git project/Labirynt_KrzysztofCh/Saved/Config/Windows/Engine.ini]
LogConfig: Setting CVar [[s.MinBulkDataSizeForAsyncLoading:131072]]
LogConfig: Setting CVar [[s.AsyncLoadingThreadEnabled:0]]
LogConfig: Setting CVar [[s.EventDrivenLoaderEnabled:1]]
LogConfig: Setting CVar [[s.WarnIfTimeLimitExceeded:0]]
LogConfig: Setting CVar [[s.TimeLimitExceededMultiplier:1.5]]
LogConfig: Setting CVar [[s.TimeLimitExceededMinTime:0.005]]
LogConfig: Setting CVar [[s.UseBackgroundLevelStreaming:1]]
LogConfig: Setting CVar [[s.PriorityAsyncLoadingExtraTime:15.0]]
LogConfig: Setting CVar [[s.LevelStreamingActorsUpdateTimeLimit:5.0]]
LogConfig: Setting CVar [[s.PriorityLevelStreamingActorsUpdateExtraTime:5.0]]
LogConfig: Setting CVar [[s.LevelStreamingComponentsRegistrationGranularity:10]]
LogConfig: Setting CVar [[s.UnregisterComponentsTimeLimit:1.0]]
LogConfig: Setting CVar [[s.LevelStreamingComponentsUnregistrationGranularity:5]]
LogConfig: Setting CVar [[s.FlushStreamingOnExit:1]]
LogInit: Object subsystem initialized
LogConfig: Setting CVar [[con.DebugEarlyDefault:1]]
LogConfig: Setting CVar [[r.setres:1280x720]]
[2021.01.16-03.08.28:116][  0]LogConfig: Setting CVar [[r.VSync:0]]
[2021.01.16-03.08.28:116][  0]LogConfig: Setting CVar [[r.RHICmdBypass:0]]
[2021.01.16-03.08.28:117][  0]LogConfig: Applying CVar settings from Section [/Script/Engine.RendererSettings] File [E:/Git project/Labirynt_KrzysztofCh/Saved/Config/Windows/Engine.ini]
[2021.01.16-03.08.28:117][  0]LogConfig: Setting CVar [[r.GPUCrashDebugging:0]]
[2021.01.16-03.08.28:117][  0]LogConfig: Applying CVar settings from Section [/Script/Engine.RendererOverrideSettings] File [E:/Git project/Labirynt_KrzysztofCh/Saved/Config/Windows/Engine.ini]
[2021.01.16-03.08.28:117][  0]LogConfig: Applying CVar settings from Section [/Script/Engine.StreamingSettings] File [E:/Git project/Labirynt_KrzysztofCh/Saved/Config/Windows/Engine.ini]
[2021.01.16-03.08.28:117][  0]LogConfig: Setting CVar [[s.MinBulkDataSizeForAsyncLoading:131072]]
[2021.01.16-03.08.28:117][  0]LogConfig: Setting CVar [[s.AsyncLoadingThreadEnabled:0]]
[2021.01.16-03.08.28:117][  0]LogConfig: Setting CVar [[s.EventDrivenLoaderEnabled:1]]
[2021.01.16-03.08.28:117][  0]LogConfig: Setting CVar [[s.WarnIfTimeLimitExceeded:0]]
[2021.01.16-03.08.28:117][  0]LogConfig: Setting CVar [[s.TimeLimitExceededMultiplier:1.5]]
[2021.01.16-03.08.28:117][  0]LogConfig: Setting CVar [[s.TimeLimitExceededMinTime:0.005]]
[2021.01.16-03.08.28:117][  0]LogConfig: Setting CVar [[s.UseBackgroundLevelStreaming:1]]
[2021.01.16-03.08.28:117][  0]LogConfig: Setting CVar [[s.PriorityAsyncLoadingExtraTime:15.0]]
[2021.01.16-03.08.28:117][  0]LogConfig: Setting CVar [[s.LevelStreamingActorsUpdateTimeLimit:5.0]]
[2021.01.16-03.08.28:117][  0]LogConfig: Setting CVar [[s.PriorityLevelStreamingActorsUpdateExtraTime:5.0]]
[2021.01.16-03.08.28:117][  0]LogConfig: Setting CVar [[s.LevelStreamingComponentsRegistrationGranularity:10]]
[2021.01.16-03.08.28:117][  0]LogConfig: Setting CVar [[s.UnregisterComponentsTimeLimit:1.0]]
[2021.01.16-03.08.28:117][  0]LogConfig: Setting CVar [[s.LevelStreamingComponentsUnregistrationGranularity:5]]
[2021.01.16-03.08.28:117][  0]LogConfig: Setting CVar [[s.FlushStreamingOnExit:1]]
[2021.01.16-03.08.28:117][  0]LogConfig: Applying CVar settings from Section [/Script/Engine.GarbageCollectionSettings] File [E:/Git project/Labirynt_KrzysztofCh/Saved/Config/Windows/Engine.ini]
[2021.01.16-03.08.28:117][  0]LogConfig: Setting CVar [[gc.MaxObjectsNotConsideredByGC:1]]
[2021.01.16-03.08.28:117][  0]LogConfig: Setting CVar [[gc.SizeOfPermanentObjectPool:0]]
[2021.01.16-03.08.28:117][  0]LogConfig: Setting CVar [[gc.FlushStreamingOnGC:0]]
[2021.01.16-03.08.28:117][  0]LogConfig: Setting CVar [[gc.NumRetriesBeforeForcingGC:10]]
[2021.01.16-03.08.28:117][  0]LogConfig: Setting CVar [[gc.AllowParallelGC:1]]
[2021.01.16-03.08.28:117][  0]LogConfig: Setting CVar [[gc.TimeBetweenPurgingPendingKillObjects:61.1]]
[2021.01.16-03.08.28:117][  0]LogConfig: Setting CVar [[gc.MaxObjectsInEditor:25165824]]
[2021.01.16-03.08.28:117][  0]LogConfig: Setting CVar [[gc.IncrementalBeginDestroyEnabled:1]]
[2021.01.16-03.08.28:117][  0]LogConfig: Setting CVar [[gc.CreateGCClusters:1]]
[2021.01.16-03.08.28:117][  0]LogConfig: Setting CVar [[gc.MinGCClusterSize:5]]
[2021.01.16-03.08.28:117][  0]LogConfig: Setting CVar [[gc.ActorClusteringEnabled:0]]
[2021.01.16-03.08.28:117][  0]LogConfig: Setting CVar [[gc.BlueprintClusteringEnabled:0]]
[2021.01.16-03.08.28:117][  0]LogConfig: Setting CVar [[gc.UseDisregardForGCOnDedicatedServers:0]]
[2021.01.16-03.08.28:117][  0]LogConfig: Applying CVar settings from Section [/Script/Engine.NetworkSettings] File [E:/Git project/Labirynt_KrzysztofCh/Saved/Config/Windows/Engine.ini]
[2021.01.16-03.08.28:117][  0]LogConfig: Applying CVar settings from Section [/Script/UnrealEd.CookerSettings] File [E:/Git project/Labirynt_KrzysztofCh/Saved/Config/Windows/Engine.ini]
[2021.01.16-03.08.28:123][  0]LogConfig: Applying CVar settings from Section [ViewDistanceQuality@3] File [E:/Git project/Labirynt_KrzysztofCh/Saved/Config/Windows/Scalability.ini]
[2021.01.16-03.08.28:123][  0]LogConfig: Setting CVar [[r.SkeletalMeshLODBias:0]]
[2021.01.16-03.08.28:123][  0]LogConfig: Setting CVar [[r.ViewDistanceScale:1.0]]
[2021.01.16-03.08.28:123][  0]LogConfig: Applying CVar settings from Section [AntiAliasingQuality@3] File [E:/Git project/Labirynt_KrzysztofCh/Saved/Config/Windows/Scalability.ini]
[2021.01.16-03.08.28:123][  0]LogConfig: Setting CVar [[r.PostProcessAAQuality:4]]
[2021.01.16-03.08.28:123][  0]LogConfig: Applying CVar settings from Section [ShadowQuality@3] File [E:/Git project/Labirynt_KrzysztofCh/Saved/Config/Windows/Scalability.ini]
[2021.01.16-03.08.28:123][  0]LogConfig: Setting CVar [[r.LightFunctionQuality:1]]
[2021.01.16-03.08.28:123][  0]LogConfig: Setting CVar [[r.ShadowQuality:5]]
[2021.01.16-03.08.28:123][  0]LogConfig: Setting CVar [[r.Shadow.CSM.MaxCascades:10]]
[2021.01.16-03.08.28:123][  0]LogConfig: Setting CVar [[r.Shadow.MaxResolution:2048]]
[2021.01.16-03.08.28:123][  0]LogConfig: Setting CVar [[r.Shadow.MaxCSMResolution:2048]]
[2021.01.16-03.08.28:123][  0]LogConfig: Setting CVar [[r.Shadow.RadiusThreshold:0.01]]
[2021.01.16-03.08.28:123][  0]LogConfig: Setting CVar [[r.Shadow.DistanceScale:1.0]]
[2021.01.16-03.08.28:123][  0]LogConfig: Setting CVar [[r.Shadow.CSM.TransitionScale:1.0]]
[2021.01.16-03.08.28:123][  0]LogConfig: Setting CVar [[r.Shadow.PreShadowResolutionFactor:1.0]]
[2021.01.16-03.08.28:123][  0]LogConfig: Setting CVar [[r.DistanceFieldShadowing:1]]
[2021.01.16-03.08.28:123][  0]LogConfig: Setting CVar [[r.DistanceFieldAO:1]]
[2021.01.16-03.08.28:123][  0]LogConfig: Setting CVar [[r.AOQuality:2]]
[2021.01.16-03.08.28:123][  0]LogConfig: Setting CVar [[r.VolumetricFog:1]]
[2021.01.16-03.08.28:123][  0]LogConfig: Setting CVar [[r.VolumetricFog.GridPixelSize:8]]
[2021.01.16-03.08.28:123][  0]LogConfig: Setting CVar [[r.VolumetricFog.GridSizeZ:128]]
[2021.01.16-03.08.28:123][  0]LogConfig: Setting CVar [[r.VolumetricFog.HistoryMissSupersampleCount:4]]
[2021.01.16-03.08.28:123][  0]LogConfig: Setting CVar [[r.LightMaxDrawDistanceScale:1]]
[2021.01.16-03.08.28:123][  0]LogConfig: Setting CVar [[r.CapsuleShadows:1]]
[2021.01.16-03.08.28:123][  0]LogConfig: Applying CVar settings from Section [PostProcessQuality@3] File [E:/Git project/Labirynt_KrzysztofCh/Saved/Config/Windows/Scalability.ini]
[2021.01.16-03.08.28:123][  0]LogConfig: Setting CVar [[r.MotionBlurQuality:4]]
[2021.01.16-03.08.28:123][  0]LogConfig: Setting CVar [[r.AmbientOcclusionMipLevelFactor:0.4]]
[2021.01.16-03.08.28:123][  0]LogConfig: Setting CVar [[r.AmbientOcclusionMaxQuality:100]]
[2021.01.16-03.08.28:123][  0]LogConfig: Setting CVar [[r.AmbientOcclusionLevels:-1]]
[2021.01.16-03.08.28:123][  0]LogConfig: Setting CVar [[r.AmbientOcclusionRadiusScale:1.0]]
[2021.01.16-03.08.28:123][  0]LogConfig: Setting CVar [[r.DepthOfFieldQuality:2]]
[2021.01.16-03.08.28:123][  0]LogConfig: Setting CVar [[r.RenderTargetPoolMin:400]]
[2021.01.16-03.08.28:123][  0]LogConfig: Setting CVar [[r.LensFlareQuality:2]]
[2021.01.16-03.08.28:123][  0]LogConfig: Setting CVar [[r.SceneColorFringeQuality:1]]
[2021.01.16-03.08.28:123][  0]LogConfig: Setting CVar [[r.EyeAdaptationQuality:2]]
[2021.01.16-03.08.28:123][  0]LogConfig: Setting CVar [[r.BloomQuality:5]]
[2021.01.16-03.08.28:123][  0]LogConfig: Setting CVar [[r.FastBlurThreshold:100]]
[2021.01.16-03.08.28:123][  0]LogConfig: Setting CVar [[r.Upscale.Quality:3]]
[2021.01.16-03.08.28:123][  0]LogConfig: Setting CVar [[r.Tonemapper.GrainQuantization:1]]
[2021.01.16-03.08.28:123][  0]LogConfig: Setting CVar [[r.LightShaftQuality:1]]
[2021.01.16-03.08.28:123][  0]LogConfig: Setting CVar [[r.Filter.SizeScale:1]]
[2021.01.16-03.08.28:123][  0]LogConfig: Setting CVar [[r.Tonemapper.Quality:5]]
[2021.01.16-03.08.28:123][  0]LogConfig: Setting CVar [[r.DOF.Gather.AccumulatorQuality:1        ; higher gathering accumulator quality]]
[2021.01.16-03.08.28:123][  0]LogConfig: Setting CVar [[r.DOF.Gather.PostfilterMethod:1          ; Median3x3 postfilering method]]
[2021.01.16-03.08.28:123][  0]LogConfig: Setting CVar [[r.DOF.Gather.EnableBokehSettings:0       ; no bokeh simulation when gathering]]
[2021.01.16-03.08.28:123][  0]LogConfig: Setting CVar [[r.DOF.Gather.RingCount:4                 ; medium number of samples when gathering]]
[2021.01.16-03.08.28:123][  0]LogConfig: Setting CVar [[r.DOF.Scatter.ForegroundCompositing:1    ; additive foreground scattering]]
[2021.01.16-03.08.28:123][  0]LogConfig: Setting CVar [[r.DOF.Scatter.BackgroundCompositing:2    ; additive background scattering]]
[2021.01.16-03.08.28:123][  0]LogConfig: Setting CVar [[r.DOF.Scatter.EnableBokehSettings:1      ; bokeh simulation when scattering]]
[2021.01.16-03.08.28:123][  0]LogConfig: Setting CVar [[r.DOF.Scatter.MaxSpriteRatio:0.1         ; only a maximum of 10% of scattered bokeh]]
[2021.01.16-03.08.28:123][  0]LogConfig: Setting CVar [[r.DOF.Recombine.Quality:1                ; cheap slight out of focus]]
[2021.01.16-03.08.28:123][  0]LogConfig: Setting CVar [[r.DOF.Recombine.EnableBokehSettings:0    ; no bokeh simulation on slight out of focus]]
[2021.01.16-03.08.28:124][  0]LogConfig: Setting CVar [[r.DOF.TemporalAAQuality:1                ; more stable temporal accumulation]]
[2021.01.16-03.08.28:124][  0]LogConfig: Setting CVar [[r.DOF.Kernel.MaxForegroundRadius:0.025]]
[2021.01.16-03.08.28:124][  0]LogConfig: Setting CVar [[r.DOF.Kernel.MaxBackgroundRadius:0.025]]
[2021.01.16-03.08.28:124][  0]LogConfig: Applying CVar settings from Section [TextureQuality@3] File [E:/Git project/Labirynt_KrzysztofCh/Saved/Config/Windows/Scalability.ini]
[2021.01.16-03.08.28:124][  0]LogConfig: Setting CVar [[r.Streaming.MipBias:0]]
[2021.01.16-03.08.28:124][  0]LogConfig: Setting CVar [[r.Streaming.AmortizeCPUToGPUCopy:0]]
[2021.01.16-03.08.28:124][  0]LogConfig: Setting CVar [[r.Streaming.MaxNumTexturesToStreamPerFrame:0]]
[2021.01.16-03.08.28:124][  0]LogConfig: Setting CVar [[r.Streaming.Boost:1]]
[2021.01.16-03.08.28:124][  0]LogConfig: Setting CVar [[r.MaxAnisotropy:8]]
[2021.01.16-03.08.28:124][  0]LogConfig: Setting CVar [[r.VT.MaxAnisotropy:8]]
[2021.01.16-03.08.28:124][  0]LogConfig: Setting CVar [[r.Streaming.LimitPoolSizeToVRAM:0]]
[2021.01.16-03.08.28:124][  0]LogConfig: Setting CVar [[r.Streaming.PoolSize:1000]]
[2021.01.16-03.08.28:124][  0]LogConfig: Setting CVar [[r.Streaming.MaxEffectiveScreenSize:0]]
[2021.01.16-03.08.28:124][  0]LogConfig: Applying CVar settings from Section [EffectsQuality@3] File [E:/Git project/Labirynt_KrzysztofCh/Saved/Config/Windows/Scalability.ini]
[2021.01.16-03.08.28:124][  0]LogConfig: Setting CVar [[r.TranslucencyLightingVolumeDim:64]]
[2021.01.16-03.08.28:124][  0]LogConfig: Setting CVar [[r.RefractionQuality:2]]
[2021.01.16-03.08.28:124][  0]LogConfig: Setting CVar [[r.SSR.Quality:3]]
[2021.01.16-03.08.28:124][  0]LogConfig: Setting CVar [[r.SSR.HalfResSceneColor:0]]
[2021.01.16-03.08.28:124][  0]LogConfig: Setting CVar [[r.SceneColorFormat:4]]
[2021.01.16-03.08.28:124][  0]LogConfig: Setting CVar [[r.DetailMode:2]]
[2021.01.16-03.08.28:124][  0]LogConfig: Setting CVar [[r.TranslucencyVolumeBlur:1]]
[2021.01.16-03.08.28:124][  0]LogConfig: Setting CVar [[r.MaterialQualityLevel:1 ; High quality]]
[2021.01.16-03.08.28:124][  0]LogConfig: Setting CVar [[r.SSS.Scale:1]]
[2021.01.16-03.08.28:124][  0]LogConfig: Setting CVar [[r.SSS.SampleSet:2]]
[2021.01.16-03.08.28:124][  0]LogConfig: Setting CVar [[r.SSS.Quality:1]]
[2021.01.16-03.08.28:124][  0]LogConfig: Setting CVar [[r.SSS.HalfRes:0]]
[2021.01.16-03.08.28:124][  0]LogConfig: Setting CVar [[r.SSGI.Quality:3]]
[2021.01.16-03.08.28:124][  0]LogConfig: Setting CVar [[r.EmitterSpawnRateScale:1.0]]
[2021.01.16-03.08.28:124][  0]LogConfig: Setting CVar [[r.ParticleLightQuality:2]]
[2021.01.16-03.08.28:124][  0]LogConfig: Setting CVar [[r.SkyAtmosphere.AerialPerspectiveLUT.FastApplyOnOpaque:1 ; Always have FastSkyLUT 1 in this case to avoid wrong sky]]
[2021.01.16-03.08.28:124][  0]LogConfig: Setting CVar [[r.SkyAtmosphere.AerialPerspectiveLUT.SampleCountPerSlice:1]]
[2021.01.16-03.08.28:124][  0]LogConfig: Setting CVar [[r.SkyAtmosphere.AerialPerspectiveLUT.DepthResolution:16.0]]
[2021.01.16-03.08.28:124][  0]LogConfig: Setting CVar [[r.SkyAtmosphere.FastSkyLUT:1]]
[2021.01.16-03.08.28:124][  0]LogConfig: Setting CVar [[r.SkyAtmosphere.FastSkyLUT.SampleCountMin:4.0]]
[2021.01.16-03.08.28:124][  0]LogConfig: Setting CVar [[r.SkyAtmosphere.FastSkyLUT.SampleCountMax:32.0]]
[2021.01.16-03.08.28:124][  0]LogConfig: Setting CVar [[r.SkyAtmosphere.SampleCountMin:4.0]]
[2021.01.16-03.08.28:124][  0]LogConfig: Setting CVar [[r.SkyAtmosphere.SampleCountMax:32.0]]
[2021.01.16-03.08.28:124][  0]LogConfig: Setting CVar [[r.SkyAtmosphere.TransmittanceLUT.UseSmallFormat:0]]
[2021.01.16-03.08.28:124][  0]LogConfig: Setting CVar [[r.SkyAtmosphere.TransmittanceLUT.SampleCount:10.0]]
[2021.01.16-03.08.28:124][  0]LogConfig: Setting CVar [[r.SkyAtmosphere.MultiScatteringLUT.SampleCount:15.0]]
[2021.01.16-03.08.28:124][  0]LogConfig: Applying CVar settings from Section [FoliageQuality@3] File [E:/Git project/Labirynt_KrzysztofCh/Saved/Config/Windows/Scalability.ini]
[2021.01.16-03.08.28:124][  0]LogConfig: Setting CVar [[foliage.DensityScale:1.0]]
[2021.01.16-03.08.28:124][  0]LogConfig: Setting CVar [[grass.DensityScale:1.0]]
[2021.01.16-03.08.28:124][  0]LogConfig: Applying CVar settings from Section [ShadingQuality@3] File [E:/Git project/Labirynt_KrzysztofCh/Saved/Config/Windows/Scalability.ini]
[2021.01.16-03.08.28:124][  0]LogConfig: Setting CVar [[r.HairStrands.SkyLighting.SampleCount:16]]
[2021.01.16-03.08.28:124][  0]LogConfig: Setting CVar [[r.HairStrands.SkyLighting.JitterIntegration:0]]
[2021.01.16-03.08.28:124][  0]LogConfig: Setting CVar [[r.HairStrands.SkyAO.SampleCount:16]]
[2021.01.16-03.08.28:124][  0]LogConfig: Setting CVar [[r.HairStrands.DeepShadow.SuperSampling:0]]
[2021.01.16-03.08.28:124][  0]LogConfig: Setting CVar [[r.HairStrands.VisibilityPPLL:0]]
[2021.01.16-03.08.28:124][  0]LogConfig: Setting CVar [[r.HairStrands.RasterizationScale:0.5]]
[2021.01.16-03.08.28:124][  0]LogConfig: Setting CVar [[r.HairStrands.VelocityRasterizationScale:1]]
[2021.01.16-03.08.28:125][  0]LogInit: Selected Device Profile: [Windows]
[2021.01.16-03.08.28:125][  0]LogInit: Applying CVar settings loaded from the selected device profile: [Windows]
[2021.01.16-03.08.28:126][  0]LogHAL: Display: Platform has ~ 32 GB [34288168960 / 34359738368 / 32], which maps to Largest [LargestMinGB=32, LargerMinGB=12, DefaultMinGB=8, SmallerMinGB=6, SmallestMinGB=0)
[2021.01.16-03.08.28:127][  0]LogInit: Going up to parent DeviceProfile []
[2021.01.16-03.08.28:127][  0]LogConfig: Applying CVar settings from Section [ViewDistanceQuality@3] File [E:/Git project/Labirynt_KrzysztofCh/Saved/Config/Windows/Scalability.ini]
[2021.01.16-03.08.28:127][  0]LogConfig: Setting CVar [[r.SkeletalMeshLODBias:0]]
[2021.01.16-03.08.28:127][  0]LogConfig: Setting CVar [[r.ViewDistanceScale:1.0]]
[2021.01.16-03.08.28:127][  0]LogConfig: Applying CVar settings from Section [AntiAliasingQuality@3] File [E:/Git project/Labirynt_KrzysztofCh/Saved/Config/Windows/Scalability.ini]
[2021.01.16-03.08.28:127][  0]LogConfig: Setting CVar [[r.PostProcessAAQuality:4]]
[2021.01.16-03.08.28:127][  0]LogConfig: Applying CVar settings from Section [ShadowQuality@3] File [E:/Git project/Labirynt_KrzysztofCh/Saved/Config/Windows/Scalability.ini]
[2021.01.16-03.08.28:127][  0]LogConfig: Setting CVar [[r.LightFunctionQuality:1]]
[2021.01.16-03.08.28:127][  0]LogConfig: Setting CVar [[r.ShadowQuality:5]]
[2021.01.16-03.08.28:127][  0]LogConfig: Setting CVar [[r.Shadow.CSM.MaxCascades:10]]
[2021.01.16-03.08.28:127][  0]LogConfig: Setting CVar [[r.Shadow.MaxResolution:2048]]
[2021.01.16-03.08.28:127][  0]LogConfig: Setting CVar [[r.Shadow.MaxCSMResolution:2048]]
[2021.01.16-03.08.28:127][  0]LogConfig: Setting CVar [[r.Shadow.RadiusThreshold:0.01]]
[2021.01.16-03.08.28:127][  0]LogConfig: Setting CVar [[r.Shadow.DistanceScale:1.0]]
[2021.01.16-03.08.28:127][  0]LogConfig: Setting CVar [[r.Shadow.CSM.TransitionScale:1.0]]
[2021.01.16-03.08.28:127][  0]LogConfig: Setting CVar [[r.Shadow.PreShadowResolutionFactor:1.0]]
[2021.01.16-03.08.28:128][  0]LogConfig: Setting CVar [[r.DistanceFieldShadowing:1]]
[2021.01.16-03.08.28:128][  0]LogConfig: Setting CVar [[r.DistanceFieldAO:1]]
[2021.01.16-03.08.28:128][  0]LogConfig: Setting CVar [[r.AOQuality:2]]
[2021.01.16-03.08.28:128][  0]LogConfig: Setting CVar [[r.VolumetricFog:1]]
[2021.01.16-03.08.28:128][  0]LogConfig: Setting CVar [[r.VolumetricFog.GridPixelSize:8]]
[2021.01.16-03.08.28:128][  0]LogConfig: Setting CVar [[r.VolumetricFog.GridSizeZ:128]]
[2021.01.16-03.08.28:128][  0]LogConfig: Setting CVar [[r.VolumetricFog.HistoryMissSupersampleCount:4]]
[2021.01.16-03.08.28:128][  0]LogConfig: Setting CVar [[r.LightMaxDrawDistanceScale:1]]
[2021.01.16-03.08.28:128][  0]LogConfig: Setting CVar [[r.CapsuleShadows:1]]
[2021.01.16-03.08.28:128][  0]LogConfig: Applying CVar settings from Section [PostProcessQuality@3] File [E:/Git project/Labirynt_KrzysztofCh/Saved/Config/Windows/Scalability.ini]
[2021.01.16-03.08.28:128][  0]LogConfig: Setting CVar [[r.MotionBlurQuality:4]]
[2021.01.16-03.08.28:128][  0]LogConfig: Setting CVar [[r.AmbientOcclusionMipLevelFactor:0.4]]
[2021.01.16-03.08.28:128][  0]LogConfig: Setting CVar [[r.AmbientOcclusionMaxQuality:100]]
[2021.01.16-03.08.28:128][  0]LogConfig: Setting CVar [[r.AmbientOcclusionLevels:-1]]
[2021.01.16-03.08.28:128][  0]LogConfig: Setting CVar [[r.AmbientOcclusionRadiusScale:1.0]]
[2021.01.16-03.08.28:128][  0]LogConfig: Setting CVar [[r.DepthOfFieldQuality:2]]
[2021.01.16-03.08.28:128][  0]LogConfig: Setting CVar [[r.RenderTargetPoolMin:400]]
[2021.01.16-03.08.28:128][  0]LogConfig: Setting CVar [[r.LensFlareQuality:2]]
[2021.01.16-03.08.28:128][  0]LogConfig: Setting CVar [[r.SceneColorFringeQuality:1]]
[2021.01.16-03.08.28:128][  0]LogConfig: Setting CVar [[r.EyeAdaptationQuality:2]]
[2021.01.16-03.08.28:128][  0]LogConfig: Setting CVar [[r.BloomQuality:5]]
[2021.01.16-03.08.28:128][  0]LogConfig: Setting CVar [[r.FastBlurThreshold:100]]
[2021.01.16-03.08.28:128][  0]LogConfig: Setting CVar [[r.Upscale.Quality:3]]
[2021.01.16-03.08.28:128][  0]LogConfig: Setting CVar [[r.Tonemapper.GrainQuantization:1]]
[2021.01.16-03.08.28:128][  0]LogConfig: Setting CVar [[r.LightShaftQuality:1]]
[2021.01.16-03.08.28:128][  0]LogConfig: Setting CVar [[r.Filter.SizeScale:1]]
[2021.01.16-03.08.28:128][  0]LogConfig: Setting CVar [[r.Tonemapper.Quality:5]]
[2021.01.16-03.08.28:128][  0]LogConfig: Setting CVar [[r.DOF.Gather.AccumulatorQuality:1        ; higher gathering accumulator quality]]
[2021.01.16-03.08.28:128][  0]LogConfig: Setting CVar [[r.DOF.Gather.PostfilterMethod:1          ; Median3x3 postfilering method]]
[2021.01.16-03.08.28:128][  0]LogConfig: Setting CVar [[r.DOF.Gather.EnableBokehSettings:0       ; no bokeh simulation when gathering]]
[2021.01.16-03.08.28:128][  0]LogConfig: Setting CVar [[r.DOF.Gather.RingCount:4                 ; medium number of samples when gathering]]
[2021.01.16-03.08.28:128][  0]LogConfig: Setting CVar [[r.DOF.Scatter.ForegroundCompositing:1    ; additive foreground scattering]]
[2021.01.16-03.08.28:128][  0]LogConfig: Setting CVar [[r.DOF.Scatter.BackgroundCompositing:2    ; additive background scattering]]
[2021.01.16-03.08.28:128][  0]LogConfig: Setting CVar [[r.DOF.Scatter.EnableBokehSettings:1      ; bokeh simulation when scattering]]
[2021.01.16-03.08.28:128][  0]LogConfig: Setting CVar [[r.DOF.Scatter.MaxSpriteRatio:0.1         ; only a maximum of 10% of scattered bokeh]]
[2021.01.16-03.08.28:128][  0]LogConfig: Setting CVar [[r.DOF.Recombine.Quality:1                ; cheap slight out of focus]]
[2021.01.16-03.08.28:128][  0]LogConfig: Setting CVar [[r.DOF.Recombine.EnableBokehSettings:0    ; no bokeh simulation on slight out of focus]]
[2021.01.16-03.08.28:128][  0]LogConfig: Setting CVar [[r.DOF.TemporalAAQuality:1                ; more stable temporal accumulation]]
[2021.01.16-03.08.28:128][  0]LogConfig: Setting CVar [[r.DOF.Kernel.MaxForegroundRadius:0.025]]
[2021.01.16-03.08.28:128][  0]LogConfig: Setting CVar [[r.DOF.Kernel.MaxBackgroundRadius:0.025]]
[2021.01.16-03.08.28:128][  0]LogConfig: Applying CVar settings from Section [TextureQuality@3] File [E:/Git project/Labirynt_KrzysztofCh/Saved/Config/Windows/Scalability.ini]
[2021.01.16-03.08.28:128][  0]LogConfig: Setting CVar [[r.Streaming.MipBias:0]]
[2021.01.16-03.08.28:128][  0]LogConfig: Setting CVar [[r.Streaming.AmortizeCPUToGPUCopy:0]]
[2021.01.16-03.08.28:128][  0]LogConfig: Setting CVar [[r.Streaming.MaxNumTexturesToStreamPerFrame:0]]
[2021.01.16-03.08.28:128][  0]LogConfig: Setting CVar [[r.Streaming.Boost:1]]
[2021.01.16-03.08.28:128][  0]LogConfig: Setting CVar [[r.MaxAnisotropy:8]]
[2021.01.16-03.08.28:128][  0]LogConfig: Setting CVar [[r.VT.MaxAnisotropy:8]]
[2021.01.16-03.08.28:128][  0]LogConfig: Setting CVar [[r.Streaming.LimitPoolSizeToVRAM:0]]
[2021.01.16-03.08.28:128][  0]LogConfig: Setting CVar [[r.Streaming.PoolSize:1000]]
[2021.01.16-03.08.28:128][  0]LogConfig: Setting CVar [[r.Streaming.MaxEffectiveScreenSize:0]]
[2021.01.16-03.08.28:128][  0]LogConfig: Applying CVar settings from Section [EffectsQuality@3] File [E:/Git project/Labirynt_KrzysztofCh/Saved/Config/Windows/Scalability.ini]
[2021.01.16-03.08.28:128][  0]LogConfig: Setting CVar [[r.TranslucencyLightingVolumeDim:64]]
[2021.01.16-03.08.28:128][  0]LogConfig: Setting CVar [[r.RefractionQuality:2]]
[2021.01.16-03.08.28:128][  0]LogConfig: Setting CVar [[r.SSR.Quality:3]]
[2021.01.16-03.08.28:128][  0]LogConfig: Setting CVar [[r.SSR.HalfResSceneColor:0]]
[2021.01.16-03.08.28:128][  0]LogConfig: Setting CVar [[r.SceneColorFormat:4]]
[2021.01.16-03.08.28:128][  0]LogConfig: Setting CVar [[r.DetailMode:2]]
[2021.01.16-03.08.28:128][  0]LogConfig: Setting CVar [[r.TranslucencyVolumeBlur:1]]
[2021.01.16-03.08.28:128][  0]LogConfig: Setting CVar [[r.MaterialQualityLevel:1 ; High quality]]
[2021.01.16-03.08.28:129][  0]LogConfig: Setting CVar [[r.SSS.Scale:1]]
[2021.01.16-03.08.28:129][  0]LogConfig: Setting CVar [[r.SSS.SampleSet:2]]
[2021.01.16-03.08.28:129][  0]LogConfig: Setting CVar [[r.SSS.Quality:1]]
[2021.01.16-03.08.28:129][  0]LogConfig: Setting CVar [[r.SSS.HalfRes:0]]
[2021.01.16-03.08.28:129][  0]LogConfig: Setting CVar [[r.SSGI.Quality:3]]
[2021.01.16-03.08.28:129][  0]LogConfig: Setting CVar [[r.EmitterSpawnRateScale:1.0]]
[2021.01.16-03.08.28:129][  0]LogConfig: Setting CVar [[r.ParticleLightQuality:2]]
[2021.01.16-03.08.28:129][  0]LogConfig: Setting CVar [[r.SkyAtmosphere.AerialPerspectiveLUT.FastApplyOnOpaque:1 ; Always have FastSkyLUT 1 in this case to avoid wrong sky]]
[2021.01.16-03.08.28:129][  0]LogConfig: Setting CVar [[r.SkyAtmosphere.AerialPerspectiveLUT.SampleCountPerSlice:1]]
[2021.01.16-03.08.28:129][  0]LogConfig: Setting CVar [[r.SkyAtmosphere.AerialPerspectiveLUT.DepthResolution:16.0]]
[2021.01.16-03.08.28:129][  0]LogConfig: Setting CVar [[r.SkyAtmosphere.FastSkyLUT:1]]
[2021.01.16-03.08.28:129][  0]LogConfig: Setting CVar [[r.SkyAtmosphere.FastSkyLUT.SampleCountMin:4.0]]
[2021.01.16-03.08.28:129][  0]LogConfig: Setting CVar [[r.SkyAtmosphere.FastSkyLUT.SampleCountMax:32.0]]
[2021.01.16-03.08.28:129][  0]LogConfig: Setting CVar [[r.SkyAtmosphere.SampleCountMin:4.0]]
[2021.01.16-03.08.28:129][  0]LogConfig: Setting CVar [[r.SkyAtmosphere.SampleCountMax:32.0]]
[2021.01.16-03.08.28:129][  0]LogConfig: Setting CVar [[r.SkyAtmosphere.TransmittanceLUT.UseSmallFormat:0]]
[2021.01.16-03.08.28:129][  0]LogConfig: Setting CVar [[r.SkyAtmosphere.TransmittanceLUT.SampleCount:10.0]]
[2021.01.16-03.08.28:129][  0]LogConfig: Setting CVar [[r.SkyAtmosphere.MultiScatteringLUT.SampleCount:15.0]]
[2021.01.16-03.08.28:129][  0]LogConfig: Applying CVar settings from Section [FoliageQuality@3] File [E:/Git project/Labirynt_KrzysztofCh/Saved/Config/Windows/Scalability.ini]
[2021.01.16-03.08.28:129][  0]LogConfig: Setting CVar [[foliage.DensityScale:1.0]]
[2021.01.16-03.08.28:129][  0]LogConfig: Setting CVar [[grass.DensityScale:1.0]]
[2021.01.16-03.08.28:129][  0]LogConfig: Applying CVar settings from Section [ShadingQuality@3] File [E:/Git project/Labirynt_KrzysztofCh/Saved/Config/Windows/Scalability.ini]
[2021.01.16-03.08.28:129][  0]LogConfig: Setting CVar [[r.HairStrands.SkyLighting.SampleCount:16]]
[2021.01.16-03.08.28:129][  0]LogConfig: Setting CVar [[r.HairStrands.SkyLighting.JitterIntegration:0]]
[2021.01.16-03.08.28:129][  0]LogConfig: Setting CVar [[r.HairStrands.SkyAO.SampleCount:16]]
[2021.01.16-03.08.28:129][  0]LogConfig: Setting CVar [[r.HairStrands.DeepShadow.SuperSampling:0]]
[2021.01.16-03.08.28:129][  0]LogConfig: Setting CVar [[r.HairStrands.VisibilityPPLL:0]]
[2021.01.16-03.08.28:129][  0]LogConfig: Setting CVar [[r.HairStrands.RasterizationScale:0.5]]
[2021.01.16-03.08.28:129][  0]LogConfig: Setting CVar [[r.HairStrands.VelocityRasterizationScale:1]]
[2021.01.16-03.08.28:129][  0]LogConfig: Applying CVar settings from Section [Startup] File [../../../Engine/Config/ConsoleVariables.ini]
[2021.01.16-03.08.28:136][  0]LogConfig: Setting CVar [[net.UseAdaptiveNetUpdateFrequency:0]]
[2021.01.16-03.08.28:136][  0]LogConfig: Setting CVar [[p.chaos.AllowCreatePhysxBodies:1]]
[2021.01.16-03.08.28:136][  0]LogConfig: Setting CVar [[fx.SkipVectorVMBackendOptimizations:1]]
[2021.01.16-03.08.28:136][  0]LogConfig: Applying CVar settings from Section [ConsoleVariables] File [E:/Git project/Labirynt_KrzysztofCh/Saved/Config/Windows/Engine.ini]
[2021.01.16-03.08.28:136][  0]LogInit: Computer: NETOPEREK
[2021.01.16-03.08.28:136][  0]LogInit: User: redga
[2021.01.16-03.08.28:136][  0]LogInit: CPU Page size=4096, Cores=8
[2021.01.16-03.08.28:136][  0]LogInit: High frequency timer resolution =10.000000 MHz
[2021.01.16-03.08.28:137][  0]LogMemory: Memory total: Physical=31.9GB (32GB approx)
[2021.01.16-03.08.28:137][  0]LogMemory: Platform Memory Stats for Windows
[2021.01.16-03.08.28:137][  0]LogMemory: Process Physical Memory: 120.79 MB used, 120.80 MB peak
[2021.01.16-03.08.28:137][  0]LogMemory: Process Virtual Memory: 110.14 MB used, 110.14 MB peak
[2021.01.16-03.08.28:137][  0]LogMemory: Physical Memory: 8784.75 MB used,  23914.99 MB free, 32699.75 MB total
[2021.01.16-03.08.28:137][  0]LogMemory: Virtual Memory: 5199.52 MB used,  134212528.00 MB free, 134217728.00 MB total
[2021.01.16-03.08.28:143][  0]LogWindows: WindowsPlatformFeatures enabled
[2021.01.16-03.08.28:500][  0]LogInit: Physics initialised using underlying interface: PhysX
[2021.01.16-03.08.28:502][  0]LogInit: Using OS detected language (pl-PL).
[2021.01.16-03.08.28:502][  0]LogInit: Using OS detected locale (pl-PL).
[2021.01.16-03.08.28:515][  0]LogTextLocalizationManager: No specific localization for 'pl-PL' exists, so the 'pl' localization will be used.
[2021.01.16-03.08.28:516][  0]LogTextLocalizationResource: LocRes '../../../Engine/Content/Localization/Editor/pl/Editor.locres' could not be opened for reading!
[2021.01.16-03.08.28:516][  0]LogTextLocalizationResource: LocRes '../../../Engine/Content/Localization/EditorTutorials/pl/EditorTutorials.locres' could not be opened for reading!
[2021.01.16-03.08.28:516][  0]LogTextLocalizationResource: LocRes '../../../Engine/Content/Localization/Keywords/pl/Keywords.locres' could not be opened for reading!
[2021.01.16-03.08.28:516][  0]LogTextLocalizationResource: LocRes '../../../Engine/Content/Localization/Category/pl/Category.locres' could not be opened for reading!
[2021.01.16-03.08.28:516][  0]LogTextLocalizationResource: LocRes '../../../Engine/Content/Localization/ToolTips/pl/ToolTips.locres' could not be opened for reading!
[2021.01.16-03.08.28:516][  0]LogTextLocalizationResource: LocRes '../../../Engine/Content/Localization/PropertyNames/pl/PropertyNames.locres' could not be opened for reading!
[2021.01.16-03.08.28:516][  0]LogTextLocalizationResource: LocRes '../../../Engine/Content/Localization/Engine/pl/Engine.locres' could not be opened for reading!
[2021.01.16-03.08.28:542][  0]LogInit: Setting process to per monitor DPI aware
[2021.01.16-03.08.28:648][  0]LogSlate: New Slate User Created.  User Index 0, Is Virtual User: 0
[2021.01.16-03.08.28:648][  0]LogSlate: Slate User Registered.  User Index 0, Is Virtual User: 0
[2021.01.16-03.08.31:572][  0]LogHMD: Failed to initialize OpenVR with code 110
[2021.01.16-03.08.31:572][  0]LogD3D11RHI: D3D11 min allowed feature level: 11_0
[2021.01.16-03.08.31:572][  0]LogD3D11RHI: D3D11 max allowed feature level: 11_0
[2021.01.16-03.08.31:572][  0]LogD3D11RHI: D3D11 adapters:
[2021.01.16-03.08.31:647][  0]LogD3D11RHI:    0. 'NVIDIA GeForce GTX 1080 Ti' (Feature Level 11_0)
[2021.01.16-03.08.31:647][  0]LogD3D11RHI:       11127/0/16349 MB DedicatedVideo/DedicatedSystem/SharedSystem, Outputs:1, VendorId:0x10de
[2021.01.16-03.08.31:650][  0]LogD3D11RHI:    1. 'Microsoft Basic Render Driver' (Feature Level 11_0)
[2021.01.16-03.08.31:650][  0]LogD3D11RHI:       0/0/16349 MB DedicatedVideo/DedicatedSystem/SharedSystem, Outputs:0, VendorId:0x1414
[2021.01.16-03.08.31:650][  0]LogD3D11RHI: Chosen D3D11 Adapter: 0
[2021.01.16-03.08.31:660][  0]LogD3D11RHI: Creating new Direct3DDevice
[2021.01.16-03.08.31:660][  0]LogD3D11RHI:     GPU DeviceId: 0x1b06 (for the marketing name, search the web for "GPU Device Id")
[2021.01.16-03.08.31:660][  0]LogWindows: EnumDisplayDevices:
[2021.01.16-03.08.31:661][  0]LogWindows:    0. 'NVIDIA GeForce GTX 1080 Ti' (P:1 D:1)
[2021.01.16-03.08.31:661][  0]LogWindows:    1. 'NVIDIA GeForce GTX 1080 Ti' (P:0 D:0)
[2021.01.16-03.08.31:661][  0]LogWindows:    2. 'NVIDIA GeForce GTX 1080 Ti' (P:0 D:0)
[2021.01.16-03.08.31:661][  0]LogWindows:    3. 'NVIDIA GeForce GTX 1080 Ti' (P:0 D:0)
[2021.01.16-03.08.31:661][  0]LogWindows: DebugString: FoundDriverCount:4 
[2021.01.16-03.08.31:661][  0]LogD3D11RHI:     Adapter Name: NVIDIA GeForce GTX 1080 Ti
[2021.01.16-03.08.31:661][  0]LogD3D11RHI:   Driver Version: 451.48 (internal:27.21.14.5148, unified:451.48)
[2021.01.16-03.08.31:661][  0]LogD3D11RHI:      Driver Date: 6-21-2020
[2021.01.16-03.08.31:661][  0]LogRHI: Texture pool is 7788 MB (70% of 11127 MB)
[2021.01.16-03.08.31:725][  0]LogD3D11RHI: RHI has support for 64 bit atomics
[2021.01.16-03.08.31:727][  0]LogD3D11RHI: [Aftermath] Enabled and primed
[2021.01.16-03.08.31:727][  0]LogD3D11RHI: Async texture creation enabled
[2021.01.16-03.08.31:727][  0]LogD3D11RHI: Array index from any shader is supported
[2021.01.16-03.08.31:760][  0]LogD3D11RHI: GPU Timing Frequency: 1000.000000 (Debug: 2 1)
[2021.01.16-03.08.32:251][  0]LogTargetPlatformManager: Display: Loaded TargetPlatform 'AllDesktop'
[2021.01.16-03.08.32:289][  0]LogTargetPlatformManager: Display: Loaded TargetPlatform 'Android'
[2021.01.16-03.08.32:289][  0]LogTargetPlatformManager: Display: Loaded TargetPlatform 'Android_ASTC'
[2021.01.16-03.08.32:289][  0]LogTargetPlatformManager: Display: Loaded TargetPlatform 'Android_DXT'
[2021.01.16-03.08.32:289][  0]LogTargetPlatformManager: Display: Loaded TargetPlatform 'Android_ETC2'
[2021.01.16-03.08.32:289][  0]LogTargetPlatformManager: Display: Loaded TargetPlatform 'AndroidClient'
[2021.01.16-03.08.32:289][  0]LogTargetPlatformManager: Display: Loaded TargetPlatform 'Android_ASTCClient'
[2021.01.16-03.08.32:289][  0]LogTargetPlatformManager: Display: Loaded TargetPlatform 'Android_DXTClient'
[2021.01.16-03.08.32:289][  0]LogTargetPlatformManager: Display: Loaded TargetPlatform 'Android_ETC2Client'
[2021.01.16-03.08.32:289][  0]LogTargetPlatformManager: Display: Loaded TargetPlatform 'Android_Multi'
[2021.01.16-03.08.32:289][  0]LogTargetPlatformManager: Display: Loaded TargetPlatform 'Android_MultiClient'
[2021.01.16-03.08.32:365][  0]LogTargetPlatformManager: Display: Loaded TargetPlatform 'IOSClient'
[2021.01.16-03.08.32:365][  0]LogTargetPlatformManager: Display: Loaded TargetPlatform 'IOS'
[2021.01.16-03.08.32:398][  0]LogTargetPlatformManager: Display: Loaded TargetPlatform 'Linux'
[2021.01.16-03.08.32:421][  0]LogTargetPlatformManager: Display: Loaded TargetPlatform 'LinuxNoEditor'
[2021.01.16-03.08.32:443][  0]LogTargetPlatformManager: Display: Loaded TargetPlatform 'LinuxClient'
[2021.01.16-03.08.32:466][  0]LogTargetPlatformManager: Display: Loaded TargetPlatform 'LinuxServer'
[2021.01.16-03.08.32:489][  0]LogTargetPlatformManager: Display: Loaded TargetPlatform 'LinuxAArch64NoEditor'
[2021.01.16-03.08.32:511][  0]LogTargetPlatformManager: Display: Loaded TargetPlatform 'LinuxAArch64Client'
[2021.01.16-03.08.32:534][  0]LogTargetPlatformManager: Display: Loaded TargetPlatform 'LinuxAArch64Server'
[2021.01.16-03.08.32:578][  0]LogTargetPlatformManager: Display: Loaded TargetPlatform 'Lumin'
[2021.01.16-03.08.32:578][  0]LogTargetPlatformManager: Display: Loaded TargetPlatform 'LuminClient'
[2021.01.16-03.08.32:607][  0]LogTargetPlatformManager: Display: Loaded TargetPlatform 'TVOSClient'
[2021.01.16-03.08.32:607][  0]LogTargetPlatformManager: Display: Loaded TargetPlatform 'TVOS'
[2021.01.16-03.08.32:631][  0]LogTargetPlatformManager: Display: Loaded TargetPlatform 'WindowsNoEditor'
[2021.01.16-03.08.32:654][  0]LogTargetPlatformManager: Display: Loaded TargetPlatform 'Windows'
[2021.01.16-03.08.32:678][  0]LogTargetPlatformManager: Display: Loaded TargetPlatform 'WindowsClient'
[2021.01.16-03.08.32:700][  0]LogTargetPlatformManager: Display: Loaded TargetPlatform 'WindowsServer'
[2021.01.16-03.08.32:700][  0]LogTargetPlatformManager: Display: Building Assets For Windows
[2021.01.16-03.08.32:771][  0]LogAudioDebug: Display: Lib vorbis DLL was dynamically loaded.
[2021.01.16-03.08.33:126][  0]LogShaderCompilers: Guid format shader working directory is -2 characters bigger than the processId version (../../../../../Git project/Labirynt_KrzysztofCh/Intermediate/Shaders/WorkingDirectory/19816/).
[2021.01.16-03.08.33:126][  0]LogShaderCompilers: Cleaned the shader compiler working directory 'C:/Users/redga/AppData/Local/Temp/UnrealShaderWorkingDir/44E715BD48763599EF0007AD46AE743B/'.
[2021.01.16-03.08.33:129][  0]LogXGEController: Cleaning working directory: C:/Users/redga/AppData/Local/Temp/UnrealXGEWorkingDir/
[2021.01.16-03.08.33:129][  0]LogXGEController: Cannot use XGE Controller as Incredibuild is not installed on this machine.
[2021.01.16-03.08.33:129][  0]LogShaderCompilers: Cannot use XGE Shader Compiler as Incredibuild is not installed on this machine.
[2021.01.16-03.08.33:129][  0]LogShaderCompilers: Display: Using Local Shader Compiler.
[2021.01.16-03.08.36:483][  0]LogDerivedDataCache: Display: Max Cache Size: 512 MB
[2021.01.16-03.08.36:823][  0]LogDerivedDataCache: Loaded boot cache 0.34s 88MB C:/Users/redga/AppData/Local/UnrealEngine/4.25/DerivedDataCache/Boot.ddc.
[2021.01.16-03.08.36:824][  0]LogDerivedDataCache: Display: Loaded Boot cache: C:/Users/redga/AppData/Local/UnrealEngine/4.25/DerivedDataCache/Boot.ddc
[2021.01.16-03.08.36:824][  0]LogDerivedDataCache: FDerivedDataBackendGraph:  Pak pak cache file ../../../../../Git project/Labirynt_KrzysztofCh/DerivedDataCache/DDC.ddp not found, will not use a pak cache.
[2021.01.16-03.08.36:824][  0]LogDerivedDataCache: Unable to find inner node Pak for hierarchical cache Hierarchy.
[2021.01.16-03.08.36:824][  0]LogDerivedDataCache: FDerivedDataBackendGraph:  CompressedPak pak cache file ../../../../../Git project/Labirynt_KrzysztofCh/DerivedDataCache/Compressed.ddp not found, will not use a pak cache.
[2021.01.16-03.08.36:824][  0]LogDerivedDataCache: Unable to find inner node CompressedPak for hierarchical cache Hierarchy.
[2021.01.16-03.08.36:850][  0]LogDerivedDataCache: Display: Pak cache opened for reading ../../../Engine/DerivedDataCache/Compressed.ddp.
[2021.01.16-03.08.36:850][  0]LogDerivedDataCache: FDerivedDataBackendGraph:  EnterprisePak pak cache file ../../../Enterprise/DerivedDataCache/Compressed.ddp not found, will not use a pak cache.
[2021.01.16-03.08.36:850][  0]LogDerivedDataCache: Unable to find inner node EnterprisePak for hierarchical cache Hierarchy.
[2021.01.16-03.08.36:851][  0]LogDerivedDataCache: Using Local data cache path C:/Users/redga/AppData/Local/UnrealEngine/Common/DerivedDataCache: Writable
[2021.01.16-03.08.36:852][  0]LogDerivedDataCache: Shared data cache path not found in *engine.ini, will not use an Shared cache.
[2021.01.16-03.08.36:852][  0]LogDerivedDataCache: Unable to find inner node Shared for hierarchical cache Hierarchy.
[2021.01.16-03.08.36:908][  0]LogSlate: Using FreeType 2.10.0
[2021.01.16-03.08.36:919][  0]LogSlate: SlateFontServices - WITH_FREETYPE: 1, WITH_HARFBUZZ: 1
[2021.01.16-03.08.37:237][  0]LogAssetRegistry: FAssetRegistry took 0.0047 seconds to start up
[2021.01.16-03.08.37:616][  0]LogInit: Selected Device Profile: [Windows]
[2021.01.16-03.08.38:082][  0]LogMeshReduction: Using QuadricMeshReduction for automatic static mesh reduction
[2021.01.16-03.08.38:082][  0]LogMeshReduction: Using SimplygonMeshReduction for automatic skeletal mesh reduction
[2021.01.16-03.08.38:082][  0]LogMeshReduction: Using ProxyLODMeshReduction for automatic mesh merging
[2021.01.16-03.08.38:082][  0]LogMeshReduction: No distributed automatic mesh merging module available
[2021.01.16-03.08.38:083][  0]LogMeshMerging: No distributed automatic mesh merging module available
[2021.01.16-03.08.38:165][  0]LogNetVersion: Labirynt_KrzysztofCh 1.0.0, NetCL: 13144385, EngineNetVer: 14, GameNetVer: 0 (Checksum: 3671174493)
[2021.01.16-03.08.42:010][  0]LogAISub: UAISubsystem::UAISubsystem AISubsystem (00000239CCCE9340), frame # 0
[2021.01.16-03.08.42:010][  0]LogAISub: UAISubsystem::UAISubsystem AIPerceptionSystem (00000239CDBDFB00), frame # 0
[2021.01.16-03.08.42:015][  0]LogAISub: UAISubsystem::UAISubsystem EnvQueryManager (00000239CDC49E00), frame # 0
[2021.01.16-03.08.42:103][  0]LogPackageLocalizationCache: Processed 19 localized package path(s) for 1 prioritized culture(s) in 0.049420 seconds
[2021.01.16-03.08.42:108][  0]LogUObjectArray: 15917 objects as part of root set at end of initial load.
[2021.01.16-03.08.42:108][  0]LogUObjectAllocator: 3965568 out of 0 bytes used by permanent object pool.
[2021.01.16-03.08.42:108][  0]LogUObjectArray: CloseDisregardForGC: 0/0 objects in disregard for GC pool
[2021.01.16-03.08.44:157][  0]LogTcpMessaging: Initializing TcpMessaging bridge
[2021.01.16-03.08.44:180][  0]LogUdpMessaging: Initializing bridge on interface 0.0.0.0:0 to multicast group 230.0.0.1:6666.
[2021.01.16-03.08.44:587][  0]SourceControl: Source control is disabled
[2021.01.16-03.08.46:428][  0]LogAndroidPermission: UAndroidPermissionCallbackProxy::GetInstance
[2021.01.16-03.08.46:535][  0]LogAudioCaptureCore: Display: No Audio Capture implementations found. Audio input will be silent.
[2021.01.16-03.08.46:535][  0]LogAudioCaptureCore: Display: No Audio Capture implementations found. Audio input will be silent.
[2021.01.16-03.08.46:751][  0]LogOcInput: OculusInput pre-init called
[2021.01.16-03.08.46:794][  0]LogWindows: Failed to load 'OVRPlugin.dll' (GetLastError=126)
[2021.01.16-03.08.46:794][  0]LogWindows: File 'OVRPlugin.dll' does not exist
[2021.01.16-03.08.47:053][  0]LogEngine: Initializing Engine...
[2021.01.16-03.08.47:055][  0]LogHMD: Failed to initialize OpenVR with code 110
[2021.01.16-03.08.47:055][  0]LogMagicLeap: Warning: VR disabled because ZI is not enabled.  To enable, in the editor, Edit -> Project Settings -> Plugins -> Magic Leap Plugin -> Enable Zero Iteration
[2021.01.16-03.08.47:058][  0]LogStats: UGameplayTagsManager::InitializeManager -  0.001 s
[2021.01.16-03.08.47:380][  0]LogInit: Initializing FReadOnlyCVARCache
[2021.01.16-03.08.47:439][  0]LogAIModule: Creating AISystem for world Untitled
[2021.01.16-03.08.47:439][  0]LogAISub: UAISubsystem::UAISubsystem EnvQueryManager (00000239D0234600), frame # 0
[2021.01.16-03.08.47:439][  0]LogAISub: UAISubsystem::UAISubsystem AIPerceptionSystem (00000239D01D7B00), frame # 0
[2021.01.16-03.08.47:467][  0]LogAudioMixer: Display: Audio Mixer Platform Settings:
[2021.01.16-03.08.47:467][  0]LogAudioMixer: Display: 	Sample Rate:						  48000
[2021.01.16-03.08.47:467][  0]LogAudioMixer: Display: 	Callback Buffer Frame Size Requested: 1024
[2021.01.16-03.08.47:467][  0]LogAudioMixer: Display: 	Callback Buffer Frame Size To Use:	  1024
[2021.01.16-03.08.47:467][  0]LogAudioMixer: Display: 	Number of buffers to queue:			  2
[2021.01.16-03.08.47:467][  0]LogAudioMixer: Display: 	Max Channels (voices):				  32
[2021.01.16-03.08.47:467][  0]LogAudioMixer: Display: 	Number of Async Source Workers:		  0
[2021.01.16-03.08.47:468][  0]LogAudio: Display: AudioDevice MaxSources: 32
[2021.01.16-03.08.47:470][  0]LogAudio: Display: Using built-in audio occlusion.
[2021.01.16-03.08.47:470][  0]LogAudioMixer: Display: Initializing audio mixer.
[2021.01.16-03.08.47:502][  0]LogAudioMixer: Display: 0: FrontLeft
[2021.01.16-03.08.47:502][  0]LogAudioMixer: Display: 1: FrontRight
[2021.01.16-03.08.47:528][  0]LogAudioMixer: Display: Using Audio Device Głośniki (2 — USB Audio CODEC )
[2021.01.16-03.08.47:530][  0]LogAudioMixer: Display: Initializing Sound Submixes...
[2021.01.16-03.08.47:555][  0]LogAudioMixer: Display: Creating Master Submix 'MasterSubmixDefault'
[2021.01.16-03.08.47:555][  0]LogAudioMixer: Display: Creating Master Submix 'MasterReverbSubmixDefault'
[2021.01.16-03.08.47:556][  0]LogAudioMixer: Display: Creating Master Submix 'MasterEQSubmixDefault'
[2021.01.16-03.08.47:557][  0]LogInit: FAudioDevice initialized.
[2021.01.16-03.08.47:558][  0]LogNetVersion: Set ProjectVersion to 1.0.0.0. Version Checksum will be recalculated on next use.
[2021.01.16-03.08.47:650][  0]LogDerivedDataCache: Saved boot cache 0.09s 88MB C:/Users/redga/AppData/Local/UnrealEngine/4.25/DerivedDataCache/Boot.ddc.
[2021.01.16-03.08.47:656][  0]LogInit: Texture streaming: Enabled
[2021.01.16-03.08.47:736][  0]LogEngineSessionManager: EngineSessionManager initialized
[2021.01.16-03.08.47:736][  0]LogEditorSessionSummary: Verbose: Initializing EditorSessionSummaryWriter for editor session tracking
[2021.01.16-03.08.47:738][  0]LogEditorSessionSummary: EditorSessionSummaryWriter initialized
[2021.01.16-03.08.47:848][  0]LogInit: Transaction tracking system initialized
[2021.01.16-03.08.47:971][  0]BlueprintLog: New page: Editor Load
[2021.01.16-03.08.48:409][  0]LocalizationService: Localization service is disabled
[2021.01.16-03.08.49:213][  0]LogCook: Display: Max memory allowance for cook 16384mb min free memory 0mb
[2021.01.16-03.08.49:213][  0]LogCook: Display: Mobile HDR setting 1
[2021.01.16-03.08.49:569][  0]LogFileCache: Scanning file cache for directory 'E:/Git project/Labirynt_KrzysztofCh/Content/' took 0.01s
[2021.01.16-03.08.50:312][  0]LogUnrealEdMisc: Loading editor; pre map load, took 28.390
[2021.01.16-03.08.50:314][  0]Cmd: MAP LOAD FILE="../../../../../Git project/Labirynt_KrzysztofCh/Content/StarterContent/Maps/Minimal_Default.umap" TEMPLATE=0 SHOWPROGRESS=1 FEATURELEVEL=3
[2021.01.16-03.08.50:321][  0]LightingResults: New page: Lighting Build
[2021.01.16-03.08.50:327][  0]LogWorld: UWorld::CleanupWorld for Untitled, bSessionEnded=true, bCleanupResources=true
[2021.01.16-03.08.50:327][  0]LogSlate: InvalidateAllWidgets triggered.  All widgets were invalidated
[2021.01.16-03.08.50:327][  0]MapCheck: New page: Map Check
[2021.01.16-03.08.50:328][  0]LightingResults: New page: Lighting Build
[2021.01.16-03.08.50:351][  0]LogAISub: UAISubsystem::~UAISubsystem EnvQueryManager (00000239D0234600), frame # 0
[2021.01.16-03.08.50:351][  0]LogAISub: UAISubsystem::~UAISubsystem AIPerceptionSystem (00000239D01D7B00), frame # 0
[2021.01.16-03.08.50:352][  0]LogUObjectHash: Compacting FUObjectHashTables data took   0.65ms
[2021.01.16-03.08.50:812][  0]LogAIModule: Creating AISystem for world Minimal_Default
[2021.01.16-03.08.50:812][  0]LogAISub: UAISubsystem::UAISubsystem EnvQueryManager (00000239BD9DC400), frame # 0
[2021.01.16-03.08.50:812][  0]LogAISub: UAISubsystem::UAISubsystem AIPerceptionSystem (00000239BE081BC0), frame # 0
[2021.01.16-03.08.50:844][  0]LogEditorServer: Finished looking for orphan Actors (0.000 secs)
[2021.01.16-03.08.50:861][  0]LogUObjectHash: Compacting FUObjectHashTables data took   0.76ms
[2021.01.16-03.08.50:861][  0]Cmd: MAP CHECKDEP NOCLEARLOG
[2021.01.16-03.08.50:861][  0]MapCheck: Map check complete: 0 Error(s), 0 Warning(s), took 0,406ms to complete.
[2021.01.16-03.08.50:861][  0]LogFileHelpers: Loading map 'Minimal_Default' took 0.549
[2021.01.16-03.08.50:888][  0]LogUnrealEdMisc: Total Editor Startup Time, took 28.966
[2021.01.16-03.08.51:082][  0]LogSlate: Updating window title bar state: overlay mode, drag disabled, window buttons hidden, title bar hidden
[2021.01.16-03.08.51:090][  0]LogSlate: Updating window title bar state: overlay mode, drag disabled, window buttons hidden, title bar hidden
[2021.01.16-03.08.51:098][  0]LogSlate: Updating window title bar state: overlay mode, drag disabled, window buttons hidden, title bar hidden
[2021.01.16-03.08.51:107][  0]LogSlate: Updating window title bar state: overlay mode, drag disabled, window buttons hidden, title bar hidden
[2021.01.16-03.08.51:141][  0]LogCollectionManager: Loaded 0 collections in 0.001118 seconds
[2021.01.16-03.08.51:178][  0]LogFileCache: Scanning file cache for directory 'E:/Git project/Labirynt_KrzysztofCh/Saved/Collections/' took 0.00s
[2021.01.16-03.08.51:178][  0]LogFileCache: Scanning file cache for directory 'E:/Git project/Labirynt_KrzysztofCh/Content/Developers/redga/Collections/' took 0.00s
[2021.01.16-03.08.51:178][  0]LogFileCache: Scanning file cache for directory 'E:/Git project/Labirynt_KrzysztofCh/Content/Collections/' took 0.00s
[2021.01.16-03.08.51:178][  0]LogContentBrowser: Native class hierarchy populated in 0.0104 seconds. Added 3427 classes and 821 folders.
[2021.01.16-03.08.51:185][  0]LogContentBrowser: Native class hierarchy updated for 'WidgetCarousel' in 0.0003 seconds. Added 0 classes and 0 folders.
[2021.01.16-03.08.51:736][  0]LogContentBrowser: Native class hierarchy updated for 'AddContentDialog' in 0.0003 seconds. Added 0 classes and 0 folders.
[2021.01.16-03.08.51:743][  0]LogContentBrowser: Native class hierarchy updated for 'SceneOutliner' in 0.0003 seconds. Added 2 classes and 0 folders.
[2021.01.16-03.08.51:847][  0]LogSlate: Took 0.006445 seconds to synchronously load lazily loaded font '../../../Engine/Content/Slate/Fonts/Roboto-Regular.ttf' (155K)
[2021.01.16-03.08.51:856][  0]LogSlate: Took 0.006422 seconds to synchronously load lazily loaded font '../../../Engine/Content/Slate/Fonts/Roboto-Bold.ttf' (160K)
[2021.01.16-03.08.51:869][  0]LogSlate: Took 0.006828 seconds to synchronously load lazily loaded font '../../../Engine/Content/Editor/Slate/Fonts/FontAwesome.ttf' (139K)
[2021.01.16-03.08.52:002][  0]LogRenderer: Reallocating scene render targets to support 1012x572 Format 10 NumSamples 1 (Frame:1).
[2021.01.16-03.08.52:123][  0]LogContentBrowser: Native class hierarchy updated for 'HierarchicalLODOutliner' in 0.0003 seconds. Added 0 classes and 0 folders.
[2021.01.16-03.08.52:123][  0]LogLoad: (Engine Initialization) Total time: 30.20 seconds
[2021.01.16-03.08.52:123][  0]LogLoad: (Engine Initialization) Total Blueprint compile time: 0.00 seconds
[2021.01.16-03.08.52:162][  0]LogAssetRegistry: Asset discovery search completed in 14.9265 seconds
[2021.01.16-03.08.52:165][  0]LogCollectionManager: Fixed up redirectors for 0 collections in 0.000005 seconds (updated 0 objects)
[2021.01.16-03.08.52:171][  0]LogContentStreaming: Texture pool size now 1000 MB
[2021.01.16-03.08.52:205][  0]LogSlate: Took 0.006855 seconds to synchronously load lazily loaded font '../../../Engine/Content/Slate/Fonts/Roboto-Light.ttf' (167K)
[2021.01.16-03.08.53:154][108]LogSlate: Took 0.000162 seconds to synchronously load lazily loaded font '../../../Engine/Content/Slate/Fonts/Roboto-Light.ttf' (167K)
[2021.01.16-03.18.27:192][866]LogAssetEditorSubsystem: Opening Asset editor for World /Game/Task/Task_2/Scene/Level_1.Level_1
[2021.01.16-03.18.27:207][866]LogUObjectHash: Compacting FUObjectHashTables data took   0.77ms
[2021.01.16-03.18.27:209][866]Cmd: MAP LOAD FILE="../../../../../Git project/Labirynt_KrzysztofCh/Content/Task/Task_2/Scene/Level_1.umap" TEMPLATE=0 SHOWPROGRESS=1 FEATURELEVEL=3
[2021.01.16-03.18.27:210][866]LightingResults: New page: Lighting Build
[2021.01.16-03.18.27:210][866]LoadErrors: New page: Loading map: Level_1.umap
[2021.01.16-03.18.27:217][866]LogWorld: UWorld::CleanupWorld for Minimal_Default, bSessionEnded=true, bCleanupResources=true
[2021.01.16-03.18.27:217][866]LogSlate: InvalidateAllWidgets triggered.  All widgets were invalidated
[2021.01.16-03.18.27:217][866]MapCheck: New page: Map Check
[2021.01.16-03.18.27:217][866]LightingResults: New page: Lighting Build
[2021.01.16-03.18.27:232][866]LogAISub: UAISubsystem::~UAISubsystem EnvQueryManager (00000239BD9DC400), frame # 68866
[2021.01.16-03.18.27:232][866]LogAISub: UAISubsystem::~UAISubsystem AIPerceptionSystem (00000239BE081BC0), frame # 68866
[2021.01.16-03.18.27:232][866]LogUObjectHash: Compacting FUObjectHashTables data took   0.69ms
[2021.01.16-03.18.27:243][866]LogEditorServer: Finished looking for orphan Actors (0.000 secs)
[2021.01.16-03.18.27:243][866]LogAIModule: Creating AISystem for world Level_1
[2021.01.16-03.18.27:243][866]LogAISub: UAISubsystem::UAISubsystem EnvQueryManager (00000239BE043200), frame # 68866
[2021.01.16-03.18.27:243][866]LogAISub: UAISubsystem::UAISubsystem AIPerceptionSystem (00000239BE0011C0), frame # 68866
[2021.01.16-03.18.27:257][866]LogUObjectHash: Compacting FUObjectHashTables data took   0.58ms
[2021.01.16-03.18.27:286][866]Cmd: MAP CHECKDEP NOCLEARLOG
[2021.01.16-03.18.27:286][866]MapCheck: Map check complete: 0 Error(s), 0 Warning(s), took 0,088ms to complete.
[2021.01.16-03.18.27:286][866]LogFileHelpers: Loading map 'Level_1' took 0.077
[2021.01.16-03.18.28:361][990]LogEditorViewport: Clicking on Actor (LMB): StaticMeshActor (Floor1)
[2021.01.16-03.19.21:462][ 21]LogEditorViewport: Clicking on Actor (LMB): BP_Sky_Sphere_C (Sky Sphere)
[2021.01.16-03.19.23:229][221]LogTemp: Repeating last play command: Selected Viewport
[2021.01.16-03.19.23:245][221]LogPlayLevel: PlayLevel: No blueprints needed recompiling
[2021.01.16-03.19.23:246][221]PIE: New page: PIE session: Level_1 (16 sty 2021, 05:19:23)
[2021.01.16-03.19.23:247][221]LogOnline: OSS: Creating online subsystem instance for: NULL
[2021.01.16-03.19.23:248][221]LogOnline: OSS: TryLoadSubsystemAndSetDefault: Loaded subsystem for module [NULL]
[2021.01.16-03.19.23:248][221]LogPlayLevel: Creating play world package: /Game/Task/Task_2/Scene/UEDPIE_0_Level_1
[2021.01.16-03.19.23:253][221]LogPlayLevel: PIE: StaticDuplicateObject took: (0.004117s)
[2021.01.16-03.19.23:254][221]LogAIModule: Creating AISystem for world Level_1
[2021.01.16-03.19.23:254][221]LogAISub: UAISubsystem::UAISubsystem EnvQueryManager (00000239DD872200), frame # 75221
[2021.01.16-03.19.23:254][221]LogAISub: UAISubsystem::UAISubsystem AIPerceptionSystem (00000239801A2200), frame # 75221
[2021.01.16-03.19.23:254][221]LogPlayLevel: PIE: World Init took: (0.001647s)
[2021.01.16-03.19.23:254][221]LogPlayLevel: PIE: Created PIE world by copying editor world from /Game/Task/Task_2/Scene/Level_1.Level_1 to /Game/Task/Task_2/Scene/UEDPIE_0_Level_1.Level_1 (0.005955s)
[2021.01.16-03.19.23:268][221]LogUObjectHash: Compacting FUObjectHashTables data took   0.56ms
[2021.01.16-03.19.23:269][221]LogAudioMixer: Display: Audio Mixer Platform Settings:
[2021.01.16-03.19.23:269][221]LogAudioMixer: Display: 	Sample Rate:						  48000
[2021.01.16-03.19.23:269][221]LogAudioMixer: Display: 	Callback Buffer Frame Size Requested: 1024
[2021.01.16-03.19.23:269][221]LogAudioMixer: Display: 	Callback Buffer Frame Size To Use:	  1024
[2021.01.16-03.19.23:269][221]LogAudioMixer: Display: 	Number of buffers to queue:			  2
[2021.01.16-03.19.23:269][221]LogAudioMixer: Display: 	Max Channels (voices):				  32
[2021.01.16-03.19.23:269][221]LogAudioMixer: Display: 	Number of Async Source Workers:		  0
[2021.01.16-03.19.23:269][221]LogAudio: Display: AudioDevice MaxSources: 32
[2021.01.16-03.19.23:269][221]LogAudio: Display: Using built-in audio occlusion.
[2021.01.16-03.19.23:269][221]LogAudioMixer: Display: Initializing audio mixer.
[2021.01.16-03.19.23:293][221]LogAudioMixer: Display: 0: FrontLeft
[2021.01.16-03.19.23:293][221]LogAudioMixer: Display: 1: FrontRight
[2021.01.16-03.19.23:308][221]LogAudioMixer: Display: Using Audio Device Głośniki (2 — USB Audio CODEC )
[2021.01.16-03.19.23:308][221]LogAudioMixer: Display: Initializing Sound Submixes...
[2021.01.16-03.19.23:309][221]LogAudioMixer: Display: Creating Master Submix 'MasterSubmixDefault'
[2021.01.16-03.19.23:309][221]LogAudioMixer: Display: Creating Master Submix 'MasterReverbSubmixDefault'
[2021.01.16-03.19.23:309][221]LogAudioMixer: Display: Creating Master Submix 'MasterEQSubmixDefault'
[2021.01.16-03.19.23:321][221]LogInit: FAudioDevice initialized.
[2021.01.16-03.19.23:332][221]LogLoad: Game class is 'GameModeBase'
[2021.01.16-03.19.23:333][221]LogWorld: Bringing World /Game/Task/Task_2/Scene/UEDPIE_0_Level_1.Level_1 up for play (max tick rate 0) at 2021.01.16-04.19.23
[2021.01.16-03.19.23:334][221]LogWorld: Bringing up level for play took: 0.000499
[2021.01.16-03.19.23:334][221]LogOnline: OSS: Creating online subsystem instance for: :Context_3
[2021.01.16-03.19.23:373][221]LogContentBrowser: Native class hierarchy updated for 'MovieSceneCapture' in 0.0004 seconds. Added 20 classes and 0 folders.
[2021.01.16-03.19.23:376][221]PIE: Server logged in
[2021.01.16-03.19.23:378][221]PIE: Play in editor total start time 0,134 seconds.
[2021.01.16-03.19.46:152][948]LogSlate: Updating window title bar state: overlay mode, drag disabled, window buttons hidden, title bar hidden
[2021.01.16-03.19.46:152][948]LogWorld: BeginTearingDown for /Game/Task/Task_2/Scene/UEDPIE_0_Level_1
[2021.01.16-03.19.46:153][948]LogWorld: UWorld::CleanupWorld for Level_1, bSessionEnded=true, bCleanupResources=true
[2021.01.16-03.19.46:153][948]LogSlate: InvalidateAllWidgets triggered.  All widgets were invalidated
[2021.01.16-03.19.46:162][948]LogPlayLevel: Display: Shutting down PIE online subsystems
[2021.01.16-03.19.46:164][948]LogSlate: InvalidateAllWidgets triggered.  All widgets were invalidated
[2021.01.16-03.19.46:176][948]LogSlate: Updating window title bar state: overlay mode, drag disabled, window buttons hidden, title bar hidden
[2021.01.16-03.19.46:190][948]LogAISub: UAISubsystem::~UAISubsystem EnvQueryManager (00000239DD872200), frame # 77948
[2021.01.16-03.19.46:190][948]LogAISub: UAISubsystem::~UAISubsystem AIPerceptionSystem (00000239801A2200), frame # 77948
[2021.01.16-03.19.46:191][948]LogUObjectHash: Compacting FUObjectHashTables data took   0.59ms
[2021.01.16-03.19.46:224][949]LogPlayLevel: Display: Destroying online subsystem :Context_3
[2021.01.16-03.19.54:636][956]LogEditorViewport: Clicking on Actor (LMB): StaticMeshActor (Floor1)
[2021.01.16-03.21.13:902][115]Cmd: OBJ SAVEPACKAGE PACKAGE="/Game/Maze_01/Floor1" FILE="../../../../../Git project/Labirynt_KrzysztofCh/Content/Maze_01/Floor1.uasset" SILENT=true
[2021.01.16-03.21.13:920][115]LogSavePackage: Moving '../../../../../Git project/Labirynt_KrzysztofCh/Saved/Floor10876EA77430A4516ADCE25B8CA9654B9.tmp' to '../../../../../Git project/Labirynt_KrzysztofCh/Content/Maze_01/Floor1.uasset'
[2021.01.16-03.21.14:089][115]Cmd: OBJ SAVEPACKAGE PACKAGE="/Game/Meshes/Floor1" FILE="../../../../../Git project/Labirynt_KrzysztofCh/Content/Meshes/Floor1.uasset" SILENT=true
[2021.01.16-03.21.14:106][115]LogSavePackage: Moving '../../../../../Git project/Labirynt_KrzysztofCh/Saved/Floor1012A7EB047250E82946438837A03E080.tmp' to '../../../../../Git project/Labirynt_KrzysztofCh/Content/Meshes/Floor1.uasset'
[2021.01.16-03.21.14:403][115]AssetCheck: New page: Asset Save: multiple assets
[2021.01.16-03.21.14:403][115]LogContentValidation: Display: Validating StaticMesh /Game/Maze_01/Floor1.Floor1
[2021.01.16-03.21.14:403][115]LogContentValidation: Display: Validating ObjectRedirector /Game/Meshes/Floor1.Floor1
[2021.01.16-03.21.16:776][381]Cmd: OBJ SAVEPACKAGE PACKAGE="/Game/Task/Task_2/Scene/Level_1" FILE="../../../../../Git project/Labirynt_KrzysztofCh/Content/Task/Task_2/Scene/Level_1.umap" SILENT=true AUTOSAVING=false KEEPDIRTY=false
[2021.01.16-03.21.16:790][381]LogUObjectHash: Compacting FUObjectHashTables data took   0.60ms
[2021.01.16-03.21.16:824][381]LogSavePackage: Moving '../../../../../Git project/Labirynt_KrzysztofCh/Saved/Level_185E34F334AECD2F1113927B23FF3FA4E.tmp' to '../../../../../Git project/Labirynt_KrzysztofCh/Content/Task/Task_2/Scene/Level_1.umap'
[2021.01.16-03.21.16:944][381]Cmd: OBJ SAVEPACKAGE PACKAGE="/Game/Task/Task_2/Scene/Level_1_BuiltData" FILE="../../../../../Git project/Labirynt_KrzysztofCh/Content/Task/Task_2/Scene/Level_1_BuiltData.uasset" SILENT=true
[2021.01.16-03.21.16:963][381]LogSavePackage: Moving '../../../../../Git project/Labirynt_KrzysztofCh/Saved/Level_1_BuiltDataE6FF649A4CB5977BC0A0A080626E149C.tmp' to '../../../../../Git project/Labirynt_KrzysztofCh/Content/Task/Task_2/Scene/Level_1_BuiltData.uasset'
[2021.01.16-03.21.16:969][381]AssetCheck: New page: Asset Save: multiple assets
[2021.01.16-03.21.16:969][381]LogContentValidation: Display: Validating World /Game/Task/Task_2/Scene/Level_1.Level_1
[2021.01.16-03.21.16:969][381]LogContentValidation: Display: Validating MapBuildDataRegistry /Game/Task/Task_2/Scene/Level_1_BuiltData.Level_1_BuiltData
[2021.01.16-03.21.19:691][674]Cmd: OBJ SAVEPACKAGE PACKAGE="/Game/Maze_01/Floor1" FILE="../../../../../Git project/Labirynt_KrzysztofCh/Content/Maze_01/Floor1.uasset" SILENT=true
[2021.01.16-03.21.19:703][674]LogSavePackage: Moving '../../../../../Git project/Labirynt_KrzysztofCh/Saved/Floor1E6951F584D3A479EEE1EC99133273A67.tmp' to '../../../../../Git project/Labirynt_KrzysztofCh/Content/Maze_01/Floor1.uasset'
[2021.01.16-03.21.19:713][674]AssetCheck: New page: Asset Save: Floor1
[2021.01.16-03.21.19:713][674]LogContentValidation: Display: Validating StaticMesh /Game/Maze_01/Floor1.Floor1
[2021.01.16-03.21.28:826][735]Cmd: OBJ SAVEPACKAGE PACKAGE="/Game/Task/Task_2/Scene/Level_1" FILE="../../../../../Git project/Labirynt_KrzysztofCh/Content/Task/Task_2/Scene/Level_1.umap" SILENT=true AUTOSAVING=false KEEPDIRTY=false
[2021.01.16-03.21.28:840][735]LogUObjectHash: Compacting FUObjectHashTables data took   0.54ms
[2021.01.16-03.21.28:867][735]LogSavePackage: Moving '../../../../../Git project/Labirynt_KrzysztofCh/Saved/Level_1069499E54BD6B41C33CE56B37AE3705D.tmp' to '../../../../../Git project/Labirynt_KrzysztofCh/Content/Task/Task_2/Scene/Level_1.umap'
[2021.01.16-03.21.28:979][735]Cmd: OBJ SAVEPACKAGE PACKAGE="/Game/Task/Task_2/Scene/Level_1_BuiltData" FILE="../../../../../Git project/Labirynt_KrzysztofCh/Content/Task/Task_2/Scene/Level_1_BuiltData.uasset" SILENT=true
[2021.01.16-03.21.28:991][735]LogSavePackage: Moving '../../../../../Git project/Labirynt_KrzysztofCh/Saved/Level_1_BuiltData8336949A47120575D7FE17BC8AF6C051.tmp' to '../../../../../Git project/Labirynt_KrzysztofCh/Content/Task/Task_2/Scene/Level_1_BuiltData.uasset'
[2021.01.16-03.21.28:997][735]AssetCheck: New page: Asset Save: multiple assets
[2021.01.16-03.21.28:997][735]LogContentValidation: Display: Validating World /Game/Task/Task_2/Scene/Level_1.Level_1
[2021.01.16-03.21.28:997][735]LogContentValidation: Display: Validating MapBuildDataRegistry /Game/Task/Task_2/Scene/Level_1_BuiltData.Level_1_BuiltData
[2021.01.16-03.21.30:427][901]LogUObjectHash: Compacting FUObjectHashTables data took   0.25ms
[2021.01.16-03.21.31:505][ 29]LogUObjectHash: Compacting FUObjectHashTables data took   0.23ms
[2021.01.16-03.21.31:683][ 49]LogUObjectHash: Compacting FUObjectHashTables data took   0.23ms
[2021.01.16-03.21.41:175][150]Cmd: OBJ SAVEPACKAGE PACKAGE="/Game/Task/Task_2/Scene/Level_1" FILE="../../../../../Git project/Labirynt_KrzysztofCh/Content/Task/Task_2/Scene/Level_1.umap" SILENT=true AUTOSAVING=false KEEPDIRTY=false
[2021.01.16-03.21.41:189][150]LogUObjectHash: Compacting FUObjectHashTables data took   0.24ms
[2021.01.16-03.21.41:215][150]LogSavePackage: Moving '../../../../../Git project/Labirynt_KrzysztofCh/Saved/Level_1B6DD341E486B6DE215110A83E1D6ED04.tmp' to '../../../../../Git project/Labirynt_KrzysztofCh/Content/Task/Task_2/Scene/Level_1.umap'
[2021.01.16-03.21.41:325][150]Cmd: OBJ SAVEPACKAGE PACKAGE="/Game/Task/Task_2/Scene/Level_1_BuiltData" FILE="../../../../../Git project/Labirynt_KrzysztofCh/Content/Task/Task_2/Scene/Level_1_BuiltData.uasset" SILENT=true
[2021.01.16-03.21.41:338][150]LogSavePackage: Moving '../../../../../Git project/Labirynt_KrzysztofCh/Saved/Level_1_BuiltData1CC5394E4F7600CF0C2252B54DE39A0F.tmp' to '../../../../../Git project/Labirynt_KrzysztofCh/Content/Task/Task_2/Scene/Level_1_BuiltData.uasset'
[2021.01.16-03.21.41:344][150]AssetCheck: New page: Asset Save: multiple assets
[2021.01.16-03.21.41:344][150]LogContentValidation: Display: Validating World /Game/Task/Task_2/Scene/Level_1.Level_1
[2021.01.16-03.21.41:344][150]LogContentValidation: Display: Validating MapBuildDataRegistry /Game/Task/Task_2/Scene/Level_1_BuiltData.Level_1_BuiltData
[2021.01.16-03.22.15:567][ 62]Cmd: OBJ SAVEPACKAGE PACKAGE="/Game/Maze/Floor1" FILE="../../../../../Git project/Labirynt_KrzysztofCh/Content/Maze/Floor1.uasset" SILENT=true
[2021.01.16-03.22.15:581][ 62]LogSavePackage: Moving '../../../../../Git project/Labirynt_KrzysztofCh/Saved/Floor197BD71B148B6AD6D515F3CAFAE3369EA.tmp' to '../../../../../Git project/Labirynt_KrzysztofCh/Content/Maze/Floor1.uasset'
[2021.01.16-03.22.15:726][ 62]Cmd: OBJ SAVEPACKAGE PACKAGE="/Game/Maze_01/Floor1" FILE="../../../../../Git project/Labirynt_KrzysztofCh/Content/Maze_01/Floor1.uasset" SILENT=true
[2021.01.16-03.22.15:733][ 62]LogSavePackage: Moving '../../../../../Git project/Labirynt_KrzysztofCh/Saved/Floor1C88B506640A0588067D285BF39DA60F9.tmp' to '../../../../../Git project/Labirynt_KrzysztofCh/Content/Maze_01/Floor1.uasset'
[2021.01.16-03.22.15:848][ 62]AssetCheck: New page: Asset Save: multiple assets
[2021.01.16-03.22.15:848][ 62]LogContentValidation: Display: Validating StaticMesh /Game/Maze/Floor1.Floor1
[2021.01.16-03.22.15:848][ 62]LogContentValidation: Display: Validating ObjectRedirector /Game/Maze_01/Floor1.Floor1
[2021.01.16-03.22.22:682][759]Cmd: OBJ SAVEPACKAGE PACKAGE="/Game/Maze/Maze_01" FILE="../../../../../Git project/Labirynt_KrzysztofCh/Content/Maze/Maze_01.uasset" SILENT=true
[2021.01.16-03.22.22:696][759]LogSavePackage: Moving '../../../../../Git project/Labirynt_KrzysztofCh/Saved/Maze_01144440F849815539ECE4CF82C85C6D51.tmp' to '../../../../../Git project/Labirynt_KrzysztofCh/Content/Maze/Maze_01.uasset'
[2021.01.16-03.22.23:104][759]LogUObjectHash: Compacting FUObjectHashTables data took   0.57ms
[2021.01.16-03.22.23:122][759]LogUObjectHash: Compacting FUObjectHashTables data took   0.46ms
[2021.01.16-03.22.23:135][759]LogUObjectHash: Compacting FUObjectHashTables data took   0.23ms
[2021.01.16-03.22.23:293][759]SourceControl: rm 'Labirynt_KrzysztofCh/Content/Maze/Floor1.uasset'
[2021.01.16-03.22.23:375][759]Cmd: OBJ SAVEPACKAGE PACKAGE="/Game/Maze_01/Floor1" FILE="../../../../../Git project/Labirynt_KrzysztofCh/Content/Maze_01/Floor1.uasset" SILENT=true
[2021.01.16-03.22.23:382][759]LogSavePackage: Moving '../../../../../Git project/Labirynt_KrzysztofCh/Saved/Floor1D013FB134F2C16B4C562D1B7588993A1.tmp' to '../../../../../Git project/Labirynt_KrzysztofCh/Content/Maze_01/Floor1.uasset'
[2021.01.16-03.22.23:407][759]AssetCheck: New page: Asset Save: multiple assets
[2021.01.16-03.22.23:407][759]LogContentValidation: Display: Validating StaticMesh /Game/Maze/Maze_01.Maze_01
[2021.01.16-03.22.23:407][759]LogContentValidation: Display: Validating ObjectRedirector /Game/Maze_01/Floor1.Floor1
[2021.01.16-03.22.24:391][867]Cmd: OBJ SAVEPACKAGE PACKAGE="/Game/Maze/Maze_01" FILE="../../../../../Git project/Labirynt_KrzysztofCh/Content/Maze/Maze_01.uasset" SILENT=true
[2021.01.16-03.22.24:408][867]LogSavePackage: Moving '../../../../../Git project/Labirynt_KrzysztofCh/Saved/Maze_01CFA2093849AB048E9B12D1B280E3F389.tmp' to '../../../../../Git project/Labirynt_KrzysztofCh/Content/Maze/Maze_01.uasset'
[2021.01.16-03.22.24:415][867]AssetCheck: New page: Asset Save: Maze_01
[2021.01.16-03.22.24:415][867]LogContentValidation: Display: Validating StaticMesh /Game/Maze/Maze_01.Maze_01
[2021.01.16-03.22.29:400][424]LogTemp: Repeating last play command: Selected Viewport
[2021.01.16-03.22.29:416][424]BlueprintLog: New page: Pre-Play auto-recompile
[2021.01.16-03.22.29:416][424]LogPlayLevel: [PlayLevel] Compiling Level_1 before play...
[2021.01.16-03.22.29:437][424]LogUObjectHash: Compacting FUObjectHashTables data took   0.72ms
[2021.01.16-03.22.29:438][424]LogPlayLevel: PlayLevel: Blueprint regeneration took 22 ms (1 blueprints)
[2021.01.16-03.22.29:438][424]PIE: New page: PIE session: Level_1 (16 sty 2021, 05:22:29)
[2021.01.16-03.22.29:460][424]LogPlayLevel: Creating play world package: /Game/Task/Task_2/Scene/UEDPIE_0_Level_1
[2021.01.16-03.22.29:464][424]LogPlayLevel: PIE: StaticDuplicateObject took: (0.003012s)
[2021.01.16-03.22.29:464][424]LogAIModule: Creating AISystem for world Level_1
[2021.01.16-03.22.29:465][424]LogAISub: UAISubsystem::UAISubsystem EnvQueryManager (00000239DB36AC00), frame # 93424
[2021.01.16-03.22.29:465][424]LogAISub: UAISubsystem::UAISubsystem AIPerceptionSystem (000002398105B240), frame # 93424
[2021.01.16-03.22.29:465][424]LogPlayLevel: PIE: World Init took: (0.001278s)
[2021.01.16-03.22.29:465][424]LogPlayLevel: PIE: Created PIE world by copying editor world from /Game/Task/Task_2/Scene/Level_1.Level_1 to /Game/Task/Task_2/Scene/UEDPIE_0_Level_1.Level_1 (0.004462s)
[2021.01.16-03.22.29:478][424]LogUObjectHash: Compacting FUObjectHashTables data took   0.57ms
[2021.01.16-03.22.29:479][424]LogAudioMixer: Display: Audio Mixer Platform Settings:
[2021.01.16-03.22.29:479][424]LogAudioMixer: Display: 	Sample Rate:						  48000
[2021.01.16-03.22.29:479][424]LogAudioMixer: Display: 	Callback Buffer Frame Size Requested: 1024
[2021.01.16-03.22.29:479][424]LogAudioMixer: Display: 	Callback Buffer Frame Size To Use:	  1024
[2021.01.16-03.22.29:479][424]LogAudioMixer: Display: 	Number of buffers to queue:			  2
[2021.01.16-03.22.29:479][424]LogAudioMixer: Display: 	Max Channels (voices):				  32
[2021.01.16-03.22.29:479][424]LogAudioMixer: Display: 	Number of Async Source Workers:		  0
[2021.01.16-03.22.29:479][424]LogAudio: Display: AudioDevice MaxSources: 32
[2021.01.16-03.22.29:479][424]LogAudio: Display: Using built-in audio occlusion.
[2021.01.16-03.22.29:479][424]LogAudioMixer: Display: Initializing audio mixer.
[2021.01.16-03.22.29:481][424]LogAudioMixer: Display: 0: FrontLeft
[2021.01.16-03.22.29:481][424]LogAudioMixer: Display: 1: FrontRight
[2021.01.16-03.22.29:493][424]LogAudioMixer: Display: Using Audio Device Głośniki (2 — USB Audio CODEC )
[2021.01.16-03.22.29:493][424]LogAudioMixer: Display: Initializing Sound Submixes...
[2021.01.16-03.22.29:493][424]LogAudioMixer: Display: Creating Master Submix 'MasterSubmixDefault'
[2021.01.16-03.22.29:493][424]LogAudioMixer: Display: Creating Master Submix 'MasterReverbSubmixDefault'
[2021.01.16-03.22.29:494][424]LogAudioMixer: Display: Creating Master Submix 'MasterEQSubmixDefault'
[2021.01.16-03.22.29:504][424]LogInit: FAudioDevice initialized.
[2021.01.16-03.22.29:508][424]LogLoad: Game class is 'GameModeBase'
[2021.01.16-03.22.29:509][424]LogWorld: Bringing World /Game/Task/Task_2/Scene/UEDPIE_0_Level_1.Level_1 up for play (max tick rate 0) at 2021.01.16-04.22.29
[2021.01.16-03.22.29:509][424]LogWorld: Bringing up level for play took: 0.000460
[2021.01.16-03.22.29:509][424]LogOnline: OSS: Creating online subsystem instance for: :Context_4
[2021.01.16-03.22.29:510][424]PIE: Server logged in
[2021.01.16-03.22.29:511][424]PIE: Play in editor total start time 0,096 seconds.
[2021.01.16-03.22.32:982][831]LogSlate: Updating window title bar state: overlay mode, drag disabled, window buttons hidden, title bar hidden
[2021.01.16-03.22.32:982][831]LogWorld: BeginTearingDown for /Game/Task/Task_2/Scene/UEDPIE_0_Level_1
[2021.01.16-03.22.32:982][831]LogWorld: UWorld::CleanupWorld for Level_1, bSessionEnded=true, bCleanupResources=true
[2021.01.16-03.22.32:982][831]LogSlate: InvalidateAllWidgets triggered.  All widgets were invalidated
[2021.01.16-03.22.32:989][831]LogPlayLevel: Display: Shutting down PIE online subsystems
[2021.01.16-03.22.32:991][831]LogSlate: InvalidateAllWidgets triggered.  All widgets were invalidated
[2021.01.16-03.22.33:004][831]LogSlate: Updating window title bar state: overlay mode, drag disabled, window buttons hidden, title bar hidden
[2021.01.16-03.22.33:018][831]LogAISub: UAISubsystem::~UAISubsystem AIPerceptionSystem (000002398105B240), frame # 93831
[2021.01.16-03.22.33:018][831]LogAISub: UAISubsystem::~UAISubsystem EnvQueryManager (00000239DB36AC00), frame # 93831
[2021.01.16-03.22.33:018][831]LogUObjectHash: Compacting FUObjectHashTables data took   0.57ms
[2021.01.16-03.22.33:058][834]LogPlayLevel: Display: Destroying online subsystem :Context_4
[2021.01.16-03.22.44:374][ 58]LogAssetEditorSubsystem: Opening Asset editor for StaticMesh /Game/Maze/Maze_01.Maze_01
[2021.01.16-03.22.44:890][ 58]LogWorld: UWorld::CleanupWorld for World_2, bSessionEnded=true, bCleanupResources=true
[2021.01.16-03.22.44:890][ 58]LogSlate: InvalidateAllWidgets triggered.  All widgets were invalidated
[2021.01.16-03.22.45:106][ 58]LogRenderer: Reallocating scene render targets to support 1012x620 Format 10 NumSamples 1 (Frame:1).
[2021.01.16-03.22.45:106][ 58]LogSlate: Took 0.008485 seconds to synchronously load lazily loaded font '../../../Engine/Content/Slate/Fonts/Roboto-Italic.ttf' (157K)
[2021.01.16-03.22.50:783][716]LogSlate: Window 'Maze_01' being destroyed
[2021.01.16-03.22.50:788][716]LogSlate: Window 'Maze_01' being destroyed
[2021.01.16-03.22.50:840][716]LogWorld: UWorld::CleanupWorld for World_3, bSessionEnded=true, bCleanupResources=true
[2021.01.16-03.22.50:840][716]LogSlate: InvalidateAllWidgets triggered.  All widgets were invalidated
[2021.01.16-03.23.12:694][247]Cmd: OBJ SAVEPACKAGE PACKAGE="/Game/Task/Task_2/Scene/Level_1" FILE="../../../../../Git project/Labirynt_KrzysztofCh/Content/Task/Task_2/Scene/Level_1.umap" SILENT=true AUTOSAVING=false KEEPDIRTY=false
[2021.01.16-03.23.12:709][247]LogUObjectHash: Compacting FUObjectHashTables data took   0.60ms
[2021.01.16-03.23.12:738][247]LogSavePackage: Moving '../../../../../Git project/Labirynt_KrzysztofCh/Saved/Level_1790D9293421270D455B33B8C8BFE2A69.tmp' to '../../../../../Git project/Labirynt_KrzysztofCh/Content/Task/Task_2/Scene/Level_1.umap'
[2021.01.16-03.23.12:845][247]Cmd: OBJ SAVEPACKAGE PACKAGE="/Game/Task/Task_2/Scene/Level_1_BuiltData" FILE="../../../../../Git project/Labirynt_KrzysztofCh/Content/Task/Task_2/Scene/Level_1_BuiltData.uasset" SILENT=true
[2021.01.16-03.23.12:859][247]LogSavePackage: Moving '../../../../../Git project/Labirynt_KrzysztofCh/Saved/Level_1_BuiltData263E31B545E5A3B1960D7894C68484F4.tmp' to '../../../../../Git project/Labirynt_KrzysztofCh/Content/Task/Task_2/Scene/Level_1_BuiltData.uasset'
[2021.01.16-03.23.12:867][247]AssetCheck: New page: Asset Save: multiple assets
[2021.01.16-03.23.12:867][247]LogContentValidation: Display: Validating World /Game/Task/Task_2/Scene/Level_1.Level_1
[2021.01.16-03.23.12:867][247]LogContentValidation: Display: Validating MapBuildDataRegistry /Game/Task/Task_2/Scene/Level_1_BuiltData.Level_1_BuiltData
[2021.01.16-03.23.21:043][211]Cmd: OBJ SAVEPACKAGE PACKAGE="/Game/Task/Task_2/Scene/Level_1" FILE="../../../../../Git project/Labirynt_KrzysztofCh/Content/Task/Task_2/Scene/Level_1.umap" SILENT=true AUTOSAVING=false KEEPDIRTY=false
[2021.01.16-03.23.21:059][211]LogUObjectHash: Compacting FUObjectHashTables data took   0.55ms
[2021.01.16-03.23.21:087][211]LogSavePackage: Moving '../../../../../Git project/Labirynt_KrzysztofCh/Saved/Level_14CC46C904B467E3C7CBB8CABC14AD982.tmp' to '../../../../../Git project/Labirynt_KrzysztofCh/Content/Task/Task_2/Scene/Level_1.umap'
[2021.01.16-03.23.21:212][211]Cmd: OBJ SAVEPACKAGE PACKAGE="/Game/Task/Task_2/Scene/Level_1_BuiltData" FILE="../../../../../Git project/Labirynt_KrzysztofCh/Content/Task/Task_2/Scene/Level_1_BuiltData.uasset" SILENT=true
[2021.01.16-03.23.21:225][211]LogSavePackage: Moving '../../../../../Git project/Labirynt_KrzysztofCh/Saved/Level_1_BuiltData5DD0FF414054EC904C3476B7A3BCFA9A.tmp' to '../../../../../Git project/Labirynt_KrzysztofCh/Content/Task/Task_2/Scene/Level_1_BuiltData.uasset'
[2021.01.16-03.23.21:230][211]AssetCheck: New page: Asset Save: multiple assets
[2021.01.16-03.23.21:230][211]LogContentValidation: Display: Validating World /Game/Task/Task_2/Scene/Level_1.Level_1
[2021.01.16-03.23.21:230][211]LogContentValidation: Display: Validating MapBuildDataRegistry /Game/Task/Task_2/Scene/Level_1_BuiltData.Level_1_BuiltData
[2021.01.16-03.23.24:107][556]LogEditorViewport: Clicking on Actor (LMB): StaticMeshActor (Maze_01)
[2021.01.16-03.24.53:259][733]LogAssetEditorSubsystem: Opening Asset editor for LevelScriptBlueprint /Game/Task/Task_2/Scene/Level_1.Level_1:PersistentLevel.Level_1
[2021.01.16-03.24.53:794][733]LogContentBrowser: Native class hierarchy updated for 'BlueprintGraph' in 0.0008 seconds. Added 125 classes and 0 folders.
[2021.01.16-03.24.54:700][733]LogSlate: Took 0.005819 seconds to synchronously load lazily loaded font '../../../Engine/Content/Slate/Fonts/Roboto-BoldCondensed.ttf' (158K)
